###############################################################################
#                                                                             #
# IAR ANSI C/C++ Compiler V6.60.1.5097/W32 for ARM      15/Aug/2015  12:46:19 #
# Copyright 1999-2013 IAR Systems AB.                                         #
#                                                                             #
#    Cpu mode     =  thumb                                                    #
#    Endian       =  little                                                   #
#    Source file  =  C:\Users\Administrator\Desktop\MPU60508.12\src\common\as #
#                    sert.c                                                   #
#    Command line =  C:\Users\Administrator\Desktop\MPU60508.12\src\common\as #
#                    sert.c -lCN C:\Users\Administrator\Desktop\MPU60508.12\b #
#                    uild\gpio_demo\FLASH\List\ -lB                           #
#                    C:\Users\Administrator\Desktop\MPU60508.12\build\gpio_de #
#                    mo\FLASH\List\ -o C:\Users\Administrator\Desktop\MPU6050 #
#                    8.12\build\gpio_demo\FLASH\Obj\ --no_cse --no_unroll     #
#                    --no_inline --no_code_motion --no_tbaa --no_clustering   #
#                    --no_scheduling --debug --endian=little --cpu=Cortex-M4  #
#                    -e --fpu=None --dlib_config "D:\IAR Systems\Embedded     #
#                    Workbench 6.5\arm\INC\c\DLib_Config_Normal.h" -I         #
#                    C:\Users\Administrator\Desktop\MPU60508.12\build\gpio_de #
#                    mo\..\ -I C:\Users\Administrator\Desktop\MPU60508.12\bui #
#                    ld\gpio_demo\..\..\src\common\ -I                        #
#                    C:\Users\Administrator\Desktop\MPU60508.12\build\gpio_de #
#                    mo\..\..\src\cpu\ -I C:\Users\Administrator\Desktop\MPU6 #
#                    0508.12\build\gpio_demo\..\..\src\drivers\ -I            #
#                    C:\Users\Administrator\Desktop\MPU60508.12\build\gpio_de #
#                    mo\..\..\src\drivers\gpio\ -I                            #
#                    C:\Users\Administrator\Desktop\MPU60508.12\build\gpio_de #
#                    mo\..\..\src\drivers\flash\ -I                           #
#                    C:\Users\Administrator\Desktop\MPU60508.12\build\gpio_de #
#                    mo\..\..\src\drivers\olcd\ -I                            #
#                    C:\Users\Administrator\Desktop\MPU60508.12\build\gpio_de #
#                    mo\..\..\src\drivers\diskio\ -I                          #
#                    C:\Users\Administrator\Desktop\MPU60508.12\build\gpio_de #
#                    mo\..\..\src\drivers\iospi\ -I                           #
#                    C:\Users\Administrator\Desktop\MPU60508.12\build\gpio_de #
#                    mo\..\..\src\drivers\wdog\ -I                            #
#                    C:\Users\Administrator\Desktop\MPU60508.12\build\gpio_de #
#                    mo\..\..\src\drivers\mcg\ -I                             #
#                    C:\Users\Administrator\Desktop\MPU60508.12\build\gpio_de #
#                    mo\..\..\src\drivers\flash\ -I                           #
#                    C:\Users\Administrator\Desktop\MPU60508.12\build\gpio_de #
#                    mo\..\..\src\drivers\uart\ -I                            #
#                    C:\Users\Administrator\Desktop\MPU60508.12\build\gpio_de #
#                    mo\..\..\src\drivers\lptmr\ -I                           #
#                    C:\Users\Administrator\Desktop\MPU60508.12\build\gpio_de #
#                    mo\..\..\src\drivers\LED\ -I                             #
#                    C:\Users\Administrator\Desktop\MPU60508.12\build\gpio_de #
#                    mo\..\..\src\drivers\fun\ -I                             #
#                    C:\Users\Administrator\Desktop\MPU60508.12\build\gpio_de #
#                    mo\..\..\src\drivers\FTM\ -I                             #
#                    C:\Users\Administrator\Desktop\MPU60508.12\build\gpio_de #
#                    mo\..\..\src\drivers\pit\ -I                             #
#                    C:\Users\Administrator\Desktop\MPU60508.12\build\gpio_de #
#                    mo\..\..\src\drivers\DIPswitch\ -I                       #
#                    C:\Users\Administrator\Desktop\MPU60508.12\build\gpio_de #
#                    mo\..\..\src\drivers\steer\ -I                           #
#                    C:\Users\Administrator\Desktop\MPU60508.12\build\gpio_de #
#                    mo\..\..\src\drivers\motor\ -I                           #
#                    C:\Users\Administrator\Desktop\MPU60508.12\build\gpio_de #
#                    mo\..\..\src\drivers\laser\ -I                           #
#                    C:\Users\Administrator\Desktop\MPU60508.12\build\gpio_de #
#                    mo\..\..\src\drivers\i2c\ -I                             #
#                    C:\Users\Administrator\Desktop\MPU60508.12\build\gpio_de #
#                    mo\..\..\src\drivers\ADdevice\ -I                        #
#                    C:\Users\Administrator\Desktop\MPU60508.12\build\gpio_de #
#                    mo\..\..\src\drivers\adc\ -I                             #
#                    C:\Users\Administrator\Desktop\MPU60508.12\build\gpio_de #
#                    mo\..\..\src\drivers\serial_digtal_scope\ -I             #
#                    C:\Users\Administrator\Desktop\MPU60508.12\build\gpio_de #
#                    mo\..\..\src\drivers\MMA845x\ -I                         #
#                    C:\Users\Administrator\Desktop\MPU60508.12\build\gpio_de #
#                    mo\..\..\src\drivers\exti\ -I                            #
#                    C:\Users\Administrator\Desktop\MPU60508.12\build\gpio_de #
#                    mo\..\..\src\drivers\dma\ -I                             #
#                    C:\Users\Administrator\Desktop\MPU60508.12\build\gpio_de #
#                    mo\..\..\src\platforms\ -I C:\Users\Administrator\Deskto #
#                    p\MPU60508.12\build\gpio_demo\..\..\src\projects\ -I     #
#                    C:\Users\Administrator\Desktop\MPU60508.12\build\gpio_de #
#                    mo\..\..\src\projects\gpio_demo\ -I                      #
#                    C:\Users\Administrator\Desktop\MPU60508.12\build\gpio_de #
#                    mo\..\..\src\drivers\MPU6050\ -I                         #
#                    C:\Users\Administrator\Desktop\MPU60508.12\build\gpio_de #
#                    mo\..\..\src\drivers\steer\ -Ol                          #
#    List file    =  C:\Users\Administrator\Desktop\MPU60508.12\build\gpio_de #
#                    mo\FLASH\List\assert.lst                                 #
#    Object file  =  C:\Users\Administrator\Desktop\MPU60508.12\build\gpio_de #
#                    mo\FLASH\Obj\assert.o                                    #
#                                                                             #
#                                                                             #
###############################################################################

C:\Users\Administrator\Desktop\MPU60508.12\src\common\assert.c
      1          /******************** (C) COPYRIGHT 2011 野火嵌入式开发工作室 ********************
      2           * 文件名       ：assert.c
      3           * 描述         ：断言条件不成立的执行函数
      4           *
      5           * 实验平台     ：野火kinetis开发板
      6           * 库版本       ：
      7           * 嵌入系统     ：
      8           * 备    注     ：
      9           *
     10           * 作者         ：
     11           * 淘宝店       ：http://firestm32.taobao.com
     12           * 技术支持论坛 ：http://www.ourdev.cn/bbs/bbs_list.jsp?bbs_id=1008
     13          **********************************************************************************/	
     14          
     15          /*
     16           * File:        assert.c
     17           * Purpose:     Provide macro for software assertions
     18           *
     19           * Notes:       ASSERT macro defined in assert.h calls assert_failed()
     20           */
     21          
     22          #include "common.h"
     23          #include "uart.h"
     24          #include "led.h"
     25          
     26          //const char ASSERT_FAILED_STR[] = "Assertion failed in %s at line %d\n";
     27          
     28          /********************************************************************/
     29          //如果断言条件不成立，进入了错误状态，就会打印错误信息和用LED来显示状态

   \                                 In section .text, align 2, keep-with-next
     30          void assert_failed(char *file, int line)
     31          {
   \                     assert_failed: (+1)
   \   00000000   0xB538             PUSH     {R3-R5,LR}
   \   00000002   0x0004             MOVS     R4,R0
   \   00000004   0x000D             MOVS     R5,R1
     32              int i,j;
     33              LED_init();
   \   00000006   0x.... 0x....      BL       LED_init
     34              while (1)
     35              {
     36          #ifdef DEBUG_PRINT
     37                  uart0Printf("Assert occurred in file %s,line %d\n Please check..\n\n", file, line);  //打印错误信息
   \                     ??assert_failed_0: (+1)
   \   0000000A   0x002A             MOVS     R2,R5
   \   0000000C   0x0021             MOVS     R1,R4
   \   0000000E   0x....             LDR.N    R0,??DataTable1
   \   00000010   0x.... 0x....      BL       uart0Printf
     38          #endif
     39                  for(j = 0xf;j;j--)
   \   00000014   0x200F             MOVS     R0,#+15
   \   00000016   0xE003             B.N      ??assert_failed_1
     40                  {
     41                    for (i = 0xffffff; i; i--) ;
     42                    LED_TURN(LED0);LED_TURN(LED1);LED_TURN(LED2);LED_TURN(LED3);//全灯闪烁指示进入错误状态
     43                    for (i = 0xffffff; i; i--) ;
   \                     ??assert_failed_2: (+1)
   \   00000018   0x1E49             SUBS     R1,R1,#+1
   \                     ??assert_failed_3: (+1)
   \   0000001A   0x2900             CMP      R1,#+0
   \   0000001C   0xD1FC             BNE.N    ??assert_failed_2
   \   0000001E   0x1E40             SUBS     R0,R0,#+1
   \                     ??assert_failed_1: (+1)
   \   00000020   0x2800             CMP      R0,#+0
   \   00000022   0xD0F2             BEQ.N    ??assert_failed_0
   \   00000024   0xF07F 0x417F      MVNS     R1,#-16777216
   \   00000028   0xE000             B.N      ??assert_failed_4
   \                     ??assert_failed_5: (+1)
   \   0000002A   0x1E49             SUBS     R1,R1,#+1
   \                     ??assert_failed_4: (+1)
   \   0000002C   0x2900             CMP      R1,#+0
   \   0000002E   0xD1FC             BNE.N    ??assert_failed_5
   \   00000030   0x....             LDR.N    R1,??DataTable1_1
   \   00000032   0x6809             LDR      R1,[R1, #+0]
   \   00000034   0x6809             LDR      R1,[R1, #+0]
   \   00000036   0xF491 0x4180      EORS     R1,R1,#0x4000
   \   0000003A   0x....             LDR.N    R2,??DataTable1_1
   \   0000003C   0x6812             LDR      R2,[R2, #+0]
   \   0000003E   0x6011             STR      R1,[R2, #+0]
   \   00000040   0x....             LDR.N    R1,??DataTable1_1
   \   00000042   0x6809             LDR      R1,[R1, #+0]
   \   00000044   0x6809             LDR      R1,[R1, #+0]
   \   00000046   0xF491 0x4100      EORS     R1,R1,#0x8000
   \   0000004A   0x....             LDR.N    R2,??DataTable1_1
   \   0000004C   0x6812             LDR      R2,[R2, #+0]
   \   0000004E   0x6011             STR      R1,[R2, #+0]
   \   00000050   0x....             LDR.N    R1,??DataTable1_1
   \   00000052   0x6809             LDR      R1,[R1, #+0]
   \   00000054   0x6809             LDR      R1,[R1, #+0]
   \   00000056   0xF491 0x3180      EORS     R1,R1,#0x10000
   \   0000005A   0x....             LDR.N    R2,??DataTable1_1
   \   0000005C   0x6812             LDR      R2,[R2, #+0]
   \   0000005E   0x6011             STR      R1,[R2, #+0]
   \   00000060   0x....             LDR.N    R1,??DataTable1_1
   \   00000062   0x6809             LDR      R1,[R1, #+0]
   \   00000064   0x6809             LDR      R1,[R1, #+0]
   \   00000066   0xF491 0x3100      EORS     R1,R1,#0x20000
   \   0000006A   0x....             LDR.N    R2,??DataTable1_1
   \   0000006C   0x6812             LDR      R2,[R2, #+0]
   \   0000006E   0x6011             STR      R1,[R2, #+0]
   \   00000070   0xF07F 0x417F      MVNS     R1,#-16777216
   \   00000074   0xE7D1             B.N      ??assert_failed_3
     44                  }
     45              }
     46          }
     47          

   \                                 In section .text, align 2, keep-with-next
     48          void assert_failed_rst(char *file, int line,char *rst)
     49          {
   \                     assert_failed_rst: (+1)
   \   00000000   0xB570             PUSH     {R4-R6,LR}
   \   00000002   0x0004             MOVS     R4,R0
   \   00000004   0x000D             MOVS     R5,R1
   \   00000006   0x0016             MOVS     R6,R2
     50              int i,j;
     51              LED_init();
   \   00000008   0x.... 0x....      BL       LED_init
     52              while (1)
     53              {
     54          #ifdef DEBUG_PRINT
     55                  uart0Printf("Assert occured in file %s line %d\\n Plesea check.\n", file, line);  //打印错误信息
   \                     ??assert_failed_rst_0: (+1)
   \   0000000C   0x002A             MOVS     R2,R5
   \   0000000E   0x0021             MOVS     R1,R4
   \   00000010   0x....             LDR.N    R0,??DataTable1_2
   \   00000012   0x.... 0x....      BL       uart0Printf
     56                  uart0Printf("Error type %s\n\n",rst);
   \   00000016   0x0031             MOVS     R1,R6
   \   00000018   0x....             LDR.N    R0,??DataTable1_3
   \   0000001A   0x.... 0x....      BL       uart0Printf
     57          #endif
     58                  for(j = 0x5f;j;j--)
   \   0000001E   0x205F             MOVS     R0,#+95
   \   00000020   0xE003             B.N      ??assert_failed_rst_1
     59                  {
     60                    for (i = 0x7ffff; i; i--) ;
     61                    LED_TURN(LED0);LED_TURN(LED1);LED_TURN(LED2);LED_TURN(LED3);//全灯闪烁指示进入错误状态
     62                    for (i = 0x7ffff; i; i--) ;
   \                     ??assert_failed_rst_2: (+1)
   \   00000022   0x1E49             SUBS     R1,R1,#+1
   \                     ??assert_failed_rst_3: (+1)
   \   00000024   0x2900             CMP      R1,#+0
   \   00000026   0xD1FC             BNE.N    ??assert_failed_rst_2
   \   00000028   0x1E40             SUBS     R0,R0,#+1
   \                     ??assert_failed_rst_1: (+1)
   \   0000002A   0x2800             CMP      R0,#+0
   \   0000002C   0xD0EE             BEQ.N    ??assert_failed_rst_0
   \   0000002E   0x....             LDR.N    R1,??DataTable1_4  ;; 0x7ffff
   \   00000030   0xE000             B.N      ??assert_failed_rst_4
   \                     ??assert_failed_rst_5: (+1)
   \   00000032   0x1E49             SUBS     R1,R1,#+1
   \                     ??assert_failed_rst_4: (+1)
   \   00000034   0x2900             CMP      R1,#+0
   \   00000036   0xD1FC             BNE.N    ??assert_failed_rst_5
   \   00000038   0x....             LDR.N    R1,??DataTable1_1
   \   0000003A   0x6809             LDR      R1,[R1, #+0]
   \   0000003C   0x6809             LDR      R1,[R1, #+0]
   \   0000003E   0xF491 0x4180      EORS     R1,R1,#0x4000
   \   00000042   0x....             LDR.N    R2,??DataTable1_1
   \   00000044   0x6812             LDR      R2,[R2, #+0]
   \   00000046   0x6011             STR      R1,[R2, #+0]
   \   00000048   0x....             LDR.N    R1,??DataTable1_1
   \   0000004A   0x6809             LDR      R1,[R1, #+0]
   \   0000004C   0x6809             LDR      R1,[R1, #+0]
   \   0000004E   0xF491 0x4100      EORS     R1,R1,#0x8000
   \   00000052   0x....             LDR.N    R2,??DataTable1_1
   \   00000054   0x6812             LDR      R2,[R2, #+0]
   \   00000056   0x6011             STR      R1,[R2, #+0]
   \   00000058   0x....             LDR.N    R1,??DataTable1_1
   \   0000005A   0x6809             LDR      R1,[R1, #+0]
   \   0000005C   0x6809             LDR      R1,[R1, #+0]
   \   0000005E   0xF491 0x3180      EORS     R1,R1,#0x10000
   \   00000062   0x....             LDR.N    R2,??DataTable1_1
   \   00000064   0x6812             LDR      R2,[R2, #+0]
   \   00000066   0x6011             STR      R1,[R2, #+0]
   \   00000068   0x....             LDR.N    R1,??DataTable1_1
   \   0000006A   0x6809             LDR      R1,[R1, #+0]
   \   0000006C   0x6809             LDR      R1,[R1, #+0]
   \   0000006E   0xF491 0x3100      EORS     R1,R1,#0x20000
   \   00000072   0x....             LDR.N    R2,??DataTable1_1
   \   00000074   0x6812             LDR      R2,[R2, #+0]
   \   00000076   0x6011             STR      R1,[R2, #+0]
   \   00000078   0x....             LDR.N    R1,??DataTable1_4  ;; 0x7ffff
   \   0000007A   0xE7D3             B.N      ??assert_failed_rst_3
     63                  }
     64              }
     65          }

   \                                 In section .text, align 4, keep-with-next
   \                     ??DataTable1:
   \   00000000   0x........         DC32     `?<Constant "Assert occurred in fi...">`

   \                                 In section .text, align 4, keep-with-next
   \                     ??DataTable1_1:
   \   00000000   0x........         DC32     GPIOx

   \                                 In section .text, align 4, keep-with-next
   \                     ??DataTable1_2:
   \   00000000   0x........         DC32     `?<Constant "Assert occured in fil...">`

   \                                 In section .text, align 4, keep-with-next
   \                     ??DataTable1_3:
   \   00000000   0x........         DC32     `?<Constant "Error type %s\\n\\n">`

   \                                 In section .text, align 4, keep-with-next
   \                     ??DataTable1_4:
   \   00000000   0x0007FFFF         DC32     0x7ffff

   \                                 In section .rodata, align 4
   \                     `?<Constant "Assert occurred in fi...">`:
   \   00000000   0x41 0x73          DC8 41H, 73H, 73H, 65H, 72H, 74H, 20H, 6FH
   \              0x73 0x65    
   \              0x72 0x74    
   \              0x20 0x6F    
   \   00000008   0x63 0x63          DC8 63H, 63H, 75H, 72H, 72H, 65H, 64H, 20H
   \              0x75 0x72    
   \              0x72 0x65    
   \              0x64 0x20    
   \   00000010   0x69 0x6E          DC8 69H, 6EH, 20H, 66H, 69H, 6CH, 65H, 20H
   \              0x20 0x66    
   \              0x69 0x6C    
   \              0x65 0x20    
   \   00000018   0x25 0x73          DC8 25H, 73H, 2CH, 6CH, 69H, 6EH, 65H, 20H
   \              0x2C 0x6C    
   \              0x69 0x6E    
   \              0x65 0x20    
   \   00000020   0x25 0x64          DC8 25H, 64H, 0AH, 20H, 50H, 6CH, 65H, 61H
   \              0x0A 0x20    
   \              0x50 0x6C    
   \              0x65 0x61    
   \   00000028   0x73 0x65          DC8 73H, 65H, 20H, 63H, 68H, 65H, 63H, 6BH
   \              0x20 0x63    
   \              0x68 0x65    
   \              0x63 0x6B    
   \   00000030   0x2E 0x2E          DC8 2EH, 2EH, 0AH, 0AH, 0
   \              0x0A 0x0A    
   \              0x00         
   \   00000035   0x00 0x00          DC8 0, 0, 0
   \              0x00         

   \                                 In section .rodata, align 4
   \                     `?<Constant "Assert occured in fil...">`:
   \   00000000   0x41 0x73          DC8 41H, 73H, 73H, 65H, 72H, 74H, 20H, 6FH
   \              0x73 0x65    
   \              0x72 0x74    
   \              0x20 0x6F    
   \   00000008   0x63 0x63          DC8 63H, 63H, 75H, 72H, 65H, 64H, 20H, 69H
   \              0x75 0x72    
   \              0x65 0x64    
   \              0x20 0x69    
   \   00000010   0x6E 0x20          DC8 6EH, 20H, 66H, 69H, 6CH, 65H, 20H, 25H
   \              0x66 0x69    
   \              0x6C 0x65    
   \              0x20 0x25    
   \   00000018   0x73 0x20          DC8 73H, 20H, 6CH, 69H, 6EH, 65H, 20H, 25H
   \              0x6C 0x69    
   \              0x6E 0x65    
   \              0x20 0x25    
   \   00000020   0x64 0x5C          DC8 64H, 5CH, 6EH, 20H, 50H, 6CH, 65H, 73H
   \              0x6E 0x20    
   \              0x50 0x6C    
   \              0x65 0x73    
   \   00000028   0x65 0x61          DC8 65H, 61H, 20H, 63H, 68H, 65H, 63H, 6BH
   \              0x20 0x63    
   \              0x68 0x65    
   \              0x63 0x6B    
   \   00000030   0x2E 0x0A          DC8 2EH, 0AH, 0
   \              0x00         
   \   00000033   0x00               DC8 0

   \                                 In section .rodata, align 4
   \                     `?<Constant "Error type %s\\n\\n">`:
   \   00000000   0x45 0x72          DC8 "Error type %s\012\012"
   \              0x72 0x6F    
   \              0x72 0x20    
   \              0x74 0x79    
   \              0x70 0x65    
   \              0x20 0x25    
   \              0x73 0x0A    
   \              0x0A 0x00    
     66          /********************************************************************/

   Maximum stack usage in bytes:

   .cstack Function
   ------- --------
      16   assert_failed
        16   -> LED_init
        16   -> uart0Printf
      16   assert_failed_rst
        16   -> LED_init
        16   -> uart0Printf


   Section sizes:

   Bytes  Function/Label
   -----  --------------
      52  ?<Constant "Assert occured in fil...">
      56  ?<Constant "Assert occurred in fi...">
      16  ?<Constant "Error type %s\n\n">
       4  ??DataTable1
       4  ??DataTable1_1
       4  ??DataTable1_2
       4  ??DataTable1_3
       4  ??DataTable1_4
     118  assert_failed
     124  assert_failed_rst

 
 124 bytes in section .rodata
 262 bytes in section .text
 
 262 bytes of CODE  memory
 124 bytes of CONST memory

Errors: none
Warnings: none
