###############################################################################
#                                                                             #
# IAR ANSI C/C++ Compiler V6.60.1.5097/W32 for ARM      15/Aug/2015  20:44:22 #
# Copyright 1999-2013 IAR Systems AB.                                         #
#                                                                             #
#    Cpu mode     =  thumb                                                    #
#    Endian       =  little                                                   #
#    Source file  =  C:\Users\Administrator\Desktop\MPU60508.12\src\projects\ #
#                    gpio_demo\main.c                                         #
#    Command line =  C:\Users\Administrator\Desktop\MPU60508.12\src\projects\ #
#                    gpio_demo\main.c -lCN C:\Users\Administrator\Desktop\MPU #
#                    60508.12\build\gpio_demo\FLASH\List\ -lB                 #
#                    C:\Users\Administrator\Desktop\MPU60508.12\build\gpio_de #
#                    mo\FLASH\List\ -o C:\Users\Administrator\Desktop\MPU6050 #
#                    8.12\build\gpio_demo\FLASH\Obj\ --no_cse --no_unroll     #
#                    --no_inline --no_code_motion --no_tbaa --no_clustering   #
#                    --no_scheduling --debug --endian=little --cpu=Cortex-M4  #
#                    -e --fpu=None --dlib_config "D:\IAR Systems\Embedded     #
#                    Workbench 6.5\arm\INC\c\DLib_Config_Normal.h" -I         #
#                    C:\Users\Administrator\Desktop\MPU60508.12\build\gpio_de #
#                    mo\..\ -I C:\Users\Administrator\Desktop\MPU60508.12\bui #
#                    ld\gpio_demo\..\..\src\common\ -I                        #
#                    C:\Users\Administrator\Desktop\MPU60508.12\build\gpio_de #
#                    mo\..\..\src\cpu\ -I C:\Users\Administrator\Desktop\MPU6 #
#                    0508.12\build\gpio_demo\..\..\src\drivers\ -I            #
#                    C:\Users\Administrator\Desktop\MPU60508.12\build\gpio_de #
#                    mo\..\..\src\drivers\gpio\ -I                            #
#                    C:\Users\Administrator\Desktop\MPU60508.12\build\gpio_de #
#                    mo\..\..\src\drivers\flash\ -I                           #
#                    C:\Users\Administrator\Desktop\MPU60508.12\build\gpio_de #
#                    mo\..\..\src\drivers\olcd\ -I                            #
#                    C:\Users\Administrator\Desktop\MPU60508.12\build\gpio_de #
#                    mo\..\..\src\drivers\diskio\ -I                          #
#                    C:\Users\Administrator\Desktop\MPU60508.12\build\gpio_de #
#                    mo\..\..\src\drivers\iospi\ -I                           #
#                    C:\Users\Administrator\Desktop\MPU60508.12\build\gpio_de #
#                    mo\..\..\src\drivers\wdog\ -I                            #
#                    C:\Users\Administrator\Desktop\MPU60508.12\build\gpio_de #
#                    mo\..\..\src\drivers\mcg\ -I                             #
#                    C:\Users\Administrator\Desktop\MPU60508.12\build\gpio_de #
#                    mo\..\..\src\drivers\flash\ -I                           #
#                    C:\Users\Administrator\Desktop\MPU60508.12\build\gpio_de #
#                    mo\..\..\src\drivers\uart\ -I                            #
#                    C:\Users\Administrator\Desktop\MPU60508.12\build\gpio_de #
#                    mo\..\..\src\drivers\lptmr\ -I                           #
#                    C:\Users\Administrator\Desktop\MPU60508.12\build\gpio_de #
#                    mo\..\..\src\drivers\LED\ -I                             #
#                    C:\Users\Administrator\Desktop\MPU60508.12\build\gpio_de #
#                    mo\..\..\src\drivers\fun\ -I                             #
#                    C:\Users\Administrator\Desktop\MPU60508.12\build\gpio_de #
#                    mo\..\..\src\drivers\FTM\ -I                             #
#                    C:\Users\Administrator\Desktop\MPU60508.12\build\gpio_de #
#                    mo\..\..\src\drivers\pit\ -I                             #
#                    C:\Users\Administrator\Desktop\MPU60508.12\build\gpio_de #
#                    mo\..\..\src\drivers\DIPswitch\ -I                       #
#                    C:\Users\Administrator\Desktop\MPU60508.12\build\gpio_de #
#                    mo\..\..\src\drivers\steer\ -I                           #
#                    C:\Users\Administrator\Desktop\MPU60508.12\build\gpio_de #
#                    mo\..\..\src\drivers\motor\ -I                           #
#                    C:\Users\Administrator\Desktop\MPU60508.12\build\gpio_de #
#                    mo\..\..\src\drivers\laser\ -I                           #
#                    C:\Users\Administrator\Desktop\MPU60508.12\build\gpio_de #
#                    mo\..\..\src\drivers\i2c\ -I                             #
#                    C:\Users\Administrator\Desktop\MPU60508.12\build\gpio_de #
#                    mo\..\..\src\drivers\ADdevice\ -I                        #
#                    C:\Users\Administrator\Desktop\MPU60508.12\build\gpio_de #
#                    mo\..\..\src\drivers\adc\ -I                             #
#                    C:\Users\Administrator\Desktop\MPU60508.12\build\gpio_de #
#                    mo\..\..\src\drivers\serial_digtal_scope\ -I             #
#                    C:\Users\Administrator\Desktop\MPU60508.12\build\gpio_de #
#                    mo\..\..\src\drivers\MMA845x\ -I                         #
#                    C:\Users\Administrator\Desktop\MPU60508.12\build\gpio_de #
#                    mo\..\..\src\drivers\exti\ -I                            #
#                    C:\Users\Administrator\Desktop\MPU60508.12\build\gpio_de #
#                    mo\..\..\src\drivers\dma\ -I                             #
#                    C:\Users\Administrator\Desktop\MPU60508.12\build\gpio_de #
#                    mo\..\..\src\platforms\ -I C:\Users\Administrator\Deskto #
#                    p\MPU60508.12\build\gpio_demo\..\..\src\projects\ -I     #
#                    C:\Users\Administrator\Desktop\MPU60508.12\build\gpio_de #
#                    mo\..\..\src\projects\gpio_demo\ -I                      #
#                    C:\Users\Administrator\Desktop\MPU60508.12\build\gpio_de #
#                    mo\..\..\src\drivers\MPU6050\ -I                         #
#                    C:\Users\Administrator\Desktop\MPU60508.12\build\gpio_de #
#                    mo\..\..\src\drivers\steer\ -Ol                          #
#    List file    =  C:\Users\Administrator\Desktop\MPU60508.12\build\gpio_de #
#                    mo\FLASH\List\main.lst                                   #
#    Object file  =  C:\Users\Administrator\Desktop\MPU60508.12\build\gpio_de #
#                    mo\FLASH\Obj\main.o                                      #
#                                                                             #
#                                                                             #
###############################################################################

C:\Users\Administrator\Desktop\MPU60508.12\src\projects\gpio_demo\main.c
      1          /*******************************************************************************
      2                                        北京邮电大学 K60 学习例程
      3          
      4          ------------------------------------------------
      5          【dev.env.】IAR 6.3
      6          【Target  】K60X256
      7          【Crystal 】50.000Mhz
      8          【busclock】48.000MHz
      9          【pllclock】96.000MHz   
     10          【 说  明 】仅做内部学习使用，请务外传
     11          【 参  考 】野火嵌入式开发工作室
     12                      龙丘开发例程
     13                      苏州大学《嵌入式系统原理与实践》
     14          【最后更新时间】2014-6-16   wuwenqi
     15          
     16          端口定义：  PTD【0,7】――Y【0,7】
     17                      PTB2――VSYN   场中断
     18                      PTB3――HREF   行中断
     19                      PTB9――PCLK
     20                      PTB0――SCL
     21                      PTB1――SDA
     22          
     23          ********************************************************************************/	
     24          
     25          #include "common.h"
     26          #include "include.h"
     27          #include "math.h"
     28          
     29          

   \                                 In section .text, align 4, keep-with-next
     30          void main()
     31          {
   \                     main: (+1)
   \   00000000   0xB580             PUSH     {R7,LR}
     32             
     33            MPU6050_Init();
   \   00000002   0x.... 0x....      BL       MPU6050_Init
     34            uart_init (UART3,115200);
   \   00000006   0xF45F 0x31E1      MOVS     R1,#+115200
   \   0000000A   0x2003             MOVS     R0,#+3
   \   0000000C   0x.... 0x....      BL       uart_init
     35            uart_irq_EN(UART3);
   \   00000010   0x2003             MOVS     R0,#+3
   \   00000012   0x.... 0x....      BL       uart_irq_EN
     36            
     37            uart_irq_EN(UART0);
   \   00000016   0x2000             MOVS     R0,#+0
   \   00000018   0x.... 0x....      BL       uart_irq_EN
     38            LED_INIT_xzm();
   \   0000001C   0x.... 0x....      BL       LED_INIT_xzm
     39            pit_init(PIT0,1000);
   \   00000020   0xF44F 0x717A      MOV      R1,#+1000
   \   00000024   0x2000             MOVS     R0,#+0
   \   00000026   0x.... 0x....      BL       pit_init
     40            //pit_init(PIT1,1);
     41            pit_irq_EN(PIT0);
   \   0000002A   0x2000             MOVS     R0,#+0
   \   0000002C   0x.... 0x....      BL       pit_irq_EN
     42            //pit_irq_EN(PIT1);
     43             
     44              gpio_init(PORTA,17,GPO,LOW);
   \   00000030   0x2300             MOVS     R3,#+0
   \   00000032   0x2201             MOVS     R2,#+1
   \   00000034   0x2111             MOVS     R1,#+17
   \   00000036   0x2000             MOVS     R0,#+0
   \   00000038   0x.... 0x....      BL       gpio_init
     45              gpio_init(PORTA,16,GPO,LOW);
   \   0000003C   0x2300             MOVS     R3,#+0
   \   0000003E   0x2201             MOVS     R2,#+1
   \   00000040   0x2110             MOVS     R1,#+16
   \   00000042   0x2000             MOVS     R0,#+0
   \   00000044   0x.... 0x....      BL       gpio_init
     46              gpio_init(PORTB, 3,GPO,LOW);
   \   00000048   0x2300             MOVS     R3,#+0
   \   0000004A   0x2201             MOVS     R2,#+1
   \   0000004C   0x2103             MOVS     R1,#+3
   \   0000004E   0x2001             MOVS     R0,#+1
   \   00000050   0x.... 0x....      BL       gpio_init
     47              gpio_init(PORTB, 2,GPO,LOW);
   \   00000054   0x2300             MOVS     R3,#+0
   \   00000056   0x2201             MOVS     R2,#+1
   \   00000058   0x2102             MOVS     R1,#+2
   \   0000005A   0x2001             MOVS     R0,#+1
   \   0000005C   0x.... 0x....      BL       gpio_init
     48              
     49              exti_init(PORTC, 6, rising_down);      //PORTC  6 端口外部中断初始化 ，上升沿触发中断，内部下拉
   \   00000060   0x2209             MOVS     R2,#+9
   \   00000062   0x2106             MOVS     R1,#+6
   \   00000064   0x2002             MOVS     R0,#+2
   \   00000066   0x.... 0x....      BL       exti_init
     50              exti_init(PORTC, 7, rising_down);      //PORTC  7 端口外部中断初始化 ，上升沿触发中断，内部下拉
   \   0000006A   0x2209             MOVS     R2,#+9
   \   0000006C   0x2107             MOVS     R1,#+7
   \   0000006E   0x2002             MOVS     R0,#+2
   \   00000070   0x.... 0x....      BL       exti_init
     51              exti_init(PORTC, 0, rising_down);      //PORTC  0 端口外部中断初始化 ，上升沿触发中断，内部下拉
   \   00000074   0x2209             MOVS     R2,#+9
   \   00000076   0x2100             MOVS     R1,#+0
   \   00000078   0x2002             MOVS     R0,#+2
   \   0000007A   0x.... 0x....      BL       exti_init
     52              exti_init(PORTA,13, rising_down);      //PORTA 13 端口外部中断初始化 ，上升沿触发中断，内部下拉
   \   0000007E   0x2209             MOVS     R2,#+9
   \   00000080   0x210D             MOVS     R1,#+13
   \   00000082   0x2000             MOVS     R0,#+0
   \   00000084   0x.... 0x....      BL       exti_init
     53              exti_init(PORTA, 5, rising_down);      //PORTA  5 端口外部中断初始化 ，上升沿触发中断，内部下拉
   \   00000088   0x2209             MOVS     R2,#+9
   \   0000008A   0x2105             MOVS     R1,#+5
   \   0000008C   0x2000             MOVS     R0,#+0
   \   0000008E   0x.... 0x....      BL       exti_init
     54              exti_init(PORTE,24, rising_down);      //PORTE 24 端口外部中断初始化 ，高电平触发中断
   \   00000092   0x2209             MOVS     R2,#+9
   \   00000094   0x2118             MOVS     R1,#+24
   \   00000096   0x2004             MOVS     R0,#+4
   \   00000098   0x.... 0x....      BL       exti_init
     55              exti_init(PORTE,25, rising_down);      //PORTE 25 端口外部中断初始化 ，高电平触发中断
   \   0000009C   0x2209             MOVS     R2,#+9
   \   0000009E   0x2119             MOVS     R1,#+25
   \   000000A0   0x2004             MOVS     R0,#+4
   \   000000A2   0x.... 0x....      BL       exti_init
     56              exti_init(PORTE,26, rising_down);      //PORTE 26 端口外部中断初始化 ，高电平触发中断
   \   000000A6   0x2209             MOVS     R2,#+9
   \   000000A8   0x211A             MOVS     R1,#+26
   \   000000AA   0x2004             MOVS     R0,#+4
   \   000000AC   0x.... 0x....      BL       exti_init
     57           
     58                  
     59          
     60            FTM_PWM_init(FTM0,CH0,1600,duty1);
   \   000000B0   0x48B4             LDR.N    R0,??main_0
   \   000000B2   0x6803             LDR      R3,[R0, #+0]
   \   000000B4   0xF44F 0x62C8      MOV      R2,#+1600
   \   000000B8   0x2100             MOVS     R1,#+0
   \   000000BA   0x2000             MOVS     R0,#+0
   \   000000BC   0x.... 0x....      BL       FTM_PWM_init
     61            FTM_PWM_init(FTM0,CH1,1600,duty2);
   \   000000C0   0x48B1             LDR.N    R0,??main_0+0x4
   \   000000C2   0x6803             LDR      R3,[R0, #+0]
   \   000000C4   0xF44F 0x62C8      MOV      R2,#+1600
   \   000000C8   0x2101             MOVS     R1,#+1
   \   000000CA   0x2000             MOVS     R0,#+0
   \   000000CC   0x.... 0x....      BL       FTM_PWM_init
     62            FTM_PWM_init(FTM0,CH2,1600,duty3);
   \   000000D0   0x48AE             LDR.N    R0,??main_0+0x8
   \   000000D2   0x6803             LDR      R3,[R0, #+0]
   \   000000D4   0xF44F 0x62C8      MOV      R2,#+1600
   \   000000D8   0x2102             MOVS     R1,#+2
   \   000000DA   0x2000             MOVS     R0,#+0
   \   000000DC   0x.... 0x....      BL       FTM_PWM_init
     63            FTM_PWM_init(FTM0,CH3,1600,duty4);
   \   000000E0   0x48AB             LDR.N    R0,??main_0+0xC
   \   000000E2   0x6803             LDR      R3,[R0, #+0]
   \   000000E4   0xF44F 0x62C8      MOV      R2,#+1600
   \   000000E8   0x2103             MOVS     R1,#+3
   \   000000EA   0x2000             MOVS     R0,#+0
   \   000000EC   0x.... 0x....      BL       FTM_PWM_init
     64            
     65            //time_delay_ms(1000);
     66                        
     67            //int count=0;
     68            
     69              while(1)
     70              {
     71                //uart0Printf("%d\n",number_xzm);
     72                if(number_xzm==1)//题号1,2,3,4
   \                     ??main_1: (+1)
   \   000000F0   0x48A8             LDR.N    R0,??main_0+0x10
   \   000000F2   0x6800             LDR      R0,[R0, #+0]
   \   000000F4   0x2801             CMP      R0,#+1
   \   000000F6   0xD140             BNE.N    ??main_2
     73                {
     74                  gpio_set(PORTB, 3,HIGH);  
   \   000000F8   0x2201             MOVS     R2,#+1
   \   000000FA   0x2103             MOVS     R1,#+3
   \   000000FC   0x2001             MOVS     R0,#+1
   \   000000FE   0x.... 0x....      BL       gpio_set
     75                  xianshi(is_over_1_xzm);
   \   00000102   0x48A5             LDR.N    R0,??main_0+0x14
   \   00000104   0x6800             LDR      R0,[R0, #+0]
   \   00000106   0x.... 0x....      BL       xianshi
     76                  delayms(5);
   \   0000010A   0x2005             MOVS     R0,#+5
   \   0000010C   0x.... 0x....      BL       delayms
     77                  gpio_set(PORTB, 3,LOW);
   \   00000110   0x2200             MOVS     R2,#+0
   \   00000112   0x2103             MOVS     R1,#+3
   \   00000114   0x2001             MOVS     R0,#+1
   \   00000116   0x.... 0x....      BL       gpio_set
     78                  
     79                  gpio_set(PORTB, 2,HIGH);
   \   0000011A   0x2201             MOVS     R2,#+1
   \   0000011C   0x2102             MOVS     R1,#+2
   \   0000011E   0x2001             MOVS     R0,#+1
   \   00000120   0x.... 0x....      BL       gpio_set
     80                  xianshi(0);
   \   00000124   0x2000             MOVS     R0,#+0
   \   00000126   0x.... 0x....      BL       xianshi
     81                  delayms(5);
   \   0000012A   0x2005             MOVS     R0,#+5
   \   0000012C   0x.... 0x....      BL       delayms
     82                  gpio_set(PORTB, 2,LOW);
   \   00000130   0x2200             MOVS     R2,#+0
   \   00000132   0x2102             MOVS     R1,#+2
   \   00000134   0x2001             MOVS     R0,#+1
   \   00000136   0x.... 0x....      BL       gpio_set
     83                  
     84                  gpio_set(PORTA,16,HIGH);
   \   0000013A   0x2201             MOVS     R2,#+1
   \   0000013C   0x2110             MOVS     R1,#+16
   \   0000013E   0x2000             MOVS     R0,#+0
   \   00000140   0x.... 0x....      BL       gpio_set
     85                  xianshi(0);
   \   00000144   0x2000             MOVS     R0,#+0
   \   00000146   0x.... 0x....      BL       xianshi
     86                  delayms(5);
   \   0000014A   0x2005             MOVS     R0,#+5
   \   0000014C   0x.... 0x....      BL       delayms
     87                  gpio_set(PORTA,16,LOW);
   \   00000150   0x2200             MOVS     R2,#+0
   \   00000152   0x2110             MOVS     R1,#+16
   \   00000154   0x2000             MOVS     R0,#+0
   \   00000156   0x.... 0x....      BL       gpio_set
     88                  
     89                  gpio_set(PORTA,17,HIGH);
   \   0000015A   0x2201             MOVS     R2,#+1
   \   0000015C   0x2111             MOVS     R1,#+17
   \   0000015E   0x2000             MOVS     R0,#+0
   \   00000160   0x.... 0x....      BL       gpio_set
     90                  xianshi(0);
   \   00000164   0x2000             MOVS     R0,#+0
   \   00000166   0x.... 0x....      BL       xianshi
     91                  delayms(5);
   \   0000016A   0x2005             MOVS     R0,#+5
   \   0000016C   0x.... 0x....      BL       delayms
     92                  gpio_set(PORTA,17,LOW);
   \   00000170   0x2200             MOVS     R2,#+0
   \   00000172   0x2111             MOVS     R1,#+17
   \   00000174   0x2000             MOVS     R0,#+0
   \   00000176   0x.... 0x....      BL       gpio_set
     93                }
     94                if(number_xzm==2)//题号1,2,3,4
   \                     ??main_2: (+1)
   \   0000017A   0x4886             LDR.N    R0,??main_0+0x10
   \   0000017C   0x6800             LDR      R0,[R0, #+0]
   \   0000017E   0x2802             CMP      R0,#+2
   \   00000180   0xD14A             BNE.N    ??main_3
     95                {
     96                  gpio_set(PORTB, 3,HIGH);  
   \   00000182   0x2201             MOVS     R2,#+1
   \   00000184   0x2103             MOVS     R1,#+3
   \   00000186   0x2001             MOVS     R0,#+1
   \   00000188   0x.... 0x....      BL       gpio_set
     97                  xianshi(is_over_2_xzm);
   \   0000018C   0x4883             LDR.N    R0,??main_0+0x18
   \   0000018E   0x6800             LDR      R0,[R0, #+0]
   \   00000190   0x.... 0x....      BL       xianshi
     98                  delayms(5);
   \   00000194   0x2005             MOVS     R0,#+5
   \   00000196   0x.... 0x....      BL       delayms
     99                  gpio_set(PORTB, 3,LOW);
   \   0000019A   0x2200             MOVS     R2,#+0
   \   0000019C   0x2103             MOVS     R1,#+3
   \   0000019E   0x2001             MOVS     R0,#+1
   \   000001A0   0x.... 0x....      BL       gpio_set
    100                  
    101                  gpio_set(PORTB, 2,HIGH);
   \   000001A4   0x2201             MOVS     R2,#+1
   \   000001A6   0x2102             MOVS     R1,#+2
   \   000001A8   0x2001             MOVS     R0,#+1
   \   000001AA   0x.... 0x....      BL       gpio_set
    102                  xianshi(0);
   \   000001AE   0x2000             MOVS     R0,#+0
   \   000001B0   0x.... 0x....      BL       xianshi
    103                  delayms(5);
   \   000001B4   0x2005             MOVS     R0,#+5
   \   000001B6   0x.... 0x....      BL       delayms
    104                  gpio_set(PORTB, 2,LOW);
   \   000001BA   0x2200             MOVS     R2,#+0
   \   000001BC   0x2102             MOVS     R1,#+2
   \   000001BE   0x2001             MOVS     R0,#+1
   \   000001C0   0x.... 0x....      BL       gpio_set
    105                  
    106                  gpio_set(PORTA,16,HIGH);
   \   000001C4   0x2201             MOVS     R2,#+1
   \   000001C6   0x2110             MOVS     R1,#+16
   \   000001C8   0x2000             MOVS     R0,#+0
   \   000001CA   0x.... 0x....      BL       gpio_set
    107                  xianshi(distance_xzm/10);
   \   000001CE   0x4874             LDR.N    R0,??main_0+0x1C
   \   000001D0   0x6800             LDR      R0,[R0, #+0]
   \   000001D2   0x210A             MOVS     R1,#+10
   \   000001D4   0xFB90 0xF0F1      SDIV     R0,R0,R1
   \   000001D8   0x.... 0x....      BL       xianshi
    108                  delayms(5);
   \   000001DC   0x2005             MOVS     R0,#+5
   \   000001DE   0x.... 0x....      BL       delayms
    109                  gpio_set(PORTA,16,LOW);
   \   000001E2   0x2200             MOVS     R2,#+0
   \   000001E4   0x2110             MOVS     R1,#+16
   \   000001E6   0x2000             MOVS     R0,#+0
   \   000001E8   0x.... 0x....      BL       gpio_set
    110                  
    111                  gpio_set(PORTA,17,HIGH);
   \   000001EC   0x2201             MOVS     R2,#+1
   \   000001EE   0x2111             MOVS     R1,#+17
   \   000001F0   0x2000             MOVS     R0,#+0
   \   000001F2   0x.... 0x....      BL       gpio_set
    112                  xianshi(distance_xzm%10);
   \   000001F6   0x486A             LDR.N    R0,??main_0+0x1C
   \   000001F8   0x6800             LDR      R0,[R0, #+0]
   \   000001FA   0x210A             MOVS     R1,#+10
   \   000001FC   0xFB90 0xF2F1      SDIV     R2,R0,R1
   \   00000200   0xFB01 0x0012      MLS      R0,R1,R2,R0
   \   00000204   0x.... 0x....      BL       xianshi
    113                  delayms(5);
   \   00000208   0x2005             MOVS     R0,#+5
   \   0000020A   0x.... 0x....      BL       delayms
    114                  gpio_set(PORTA,17,LOW);
   \   0000020E   0x2200             MOVS     R2,#+0
   \   00000210   0x2111             MOVS     R1,#+17
   \   00000212   0x2000             MOVS     R0,#+0
   \   00000214   0x.... 0x....      BL       gpio_set
    115                }
    116                if(number_xzm==3)//题号1,2,3,4
   \                     ??main_3: (+1)
   \   00000218   0x485E             LDR.N    R0,??main_0+0x10
   \   0000021A   0x6800             LDR      R0,[R0, #+0]
   \   0000021C   0x2803             CMP      R0,#+3
   \   0000021E   0xD153             BNE.N    ??main_4
    117                {
    118                  gpio_set(PORTB, 3,HIGH);  
   \   00000220   0x2201             MOVS     R2,#+1
   \   00000222   0x2103             MOVS     R1,#+3
   \   00000224   0x2001             MOVS     R0,#+1
   \   00000226   0x.... 0x....      BL       gpio_set
    119                  xianshi(is_over_3_xzm);
   \   0000022A   0x485E             LDR.N    R0,??main_0+0x20
   \   0000022C   0x6800             LDR      R0,[R0, #+0]
   \   0000022E   0x.... 0x....      BL       xianshi
    120                  delayms(5);
   \   00000232   0x2005             MOVS     R0,#+5
   \   00000234   0x.... 0x....      BL       delayms
    121                  gpio_set(PORTB, 3,LOW);
   \   00000238   0x2200             MOVS     R2,#+0
   \   0000023A   0x2103             MOVS     R1,#+3
   \   0000023C   0x2001             MOVS     R0,#+1
   \   0000023E   0x.... 0x....      BL       gpio_set
    122                  
    123                  gpio_set(PORTB, 2,HIGH);
   \   00000242   0x2201             MOVS     R2,#+1
   \   00000244   0x2102             MOVS     R1,#+2
   \   00000246   0x2001             MOVS     R0,#+1
   \   00000248   0x.... 0x....      BL       gpio_set
    124                  xianshi(angle_xzm/100);
   \   0000024C   0x4856             LDR.N    R0,??main_0+0x24
   \   0000024E   0x6800             LDR      R0,[R0, #+0]
   \   00000250   0x2164             MOVS     R1,#+100
   \   00000252   0xFB90 0xF0F1      SDIV     R0,R0,R1
   \   00000256   0x.... 0x....      BL       xianshi
    125                  delayms(5);
   \   0000025A   0x2005             MOVS     R0,#+5
   \   0000025C   0x.... 0x....      BL       delayms
    126                  gpio_set(PORTB, 2,LOW);
   \   00000260   0x2200             MOVS     R2,#+0
   \   00000262   0x2102             MOVS     R1,#+2
   \   00000264   0x2001             MOVS     R0,#+1
   \   00000266   0x.... 0x....      BL       gpio_set
    127                  
    128                  gpio_set(PORTA,16,HIGH);
   \   0000026A   0x2201             MOVS     R2,#+1
   \   0000026C   0x2110             MOVS     R1,#+16
   \   0000026E   0x2000             MOVS     R0,#+0
   \   00000270   0x.... 0x....      BL       gpio_set
    129                  xianshi((angle_xzm%100)/10);
   \   00000274   0x484C             LDR.N    R0,??main_0+0x24
   \   00000276   0x6800             LDR      R0,[R0, #+0]
   \   00000278   0x2164             MOVS     R1,#+100
   \   0000027A   0xFB90 0xF2F1      SDIV     R2,R0,R1
   \   0000027E   0xFB01 0x0012      MLS      R0,R1,R2,R0
   \   00000282   0x210A             MOVS     R1,#+10
   \   00000284   0xFB90 0xF0F1      SDIV     R0,R0,R1
   \   00000288   0x.... 0x....      BL       xianshi
    130                  delayms(5);
   \   0000028C   0x2005             MOVS     R0,#+5
   \   0000028E   0x.... 0x....      BL       delayms
    131                  gpio_set(PORTA,16,LOW);
   \   00000292   0x2200             MOVS     R2,#+0
   \   00000294   0x2110             MOVS     R1,#+16
   \   00000296   0x2000             MOVS     R0,#+0
   \   00000298   0x.... 0x....      BL       gpio_set
    132                  
    133                  gpio_set(PORTA,17,HIGH);
   \   0000029C   0x2201             MOVS     R2,#+1
   \   0000029E   0x2111             MOVS     R1,#+17
   \   000002A0   0x2000             MOVS     R0,#+0
   \   000002A2   0x.... 0x....      BL       gpio_set
    134                  xianshi(angle_xzm%10);
   \   000002A6   0x4840             LDR.N    R0,??main_0+0x24
   \   000002A8   0x6800             LDR      R0,[R0, #+0]
   \   000002AA   0x210A             MOVS     R1,#+10
   \   000002AC   0xFB90 0xF2F1      SDIV     R2,R0,R1
   \   000002B0   0xFB01 0x0012      MLS      R0,R1,R2,R0
   \   000002B4   0x.... 0x....      BL       xianshi
    135                  delayms(5);
   \   000002B8   0x2005             MOVS     R0,#+5
   \   000002BA   0x.... 0x....      BL       delayms
    136                  gpio_set(PORTA,17,LOW);
   \   000002BE   0x2200             MOVS     R2,#+0
   \   000002C0   0x2111             MOVS     R1,#+17
   \   000002C2   0x2000             MOVS     R0,#+0
   \   000002C4   0x.... 0x....      BL       gpio_set
    137                }
    138                if(number_xzm==4)//题号1,2,3,4
   \                     ??main_4: (+1)
   \   000002C8   0x4832             LDR.N    R0,??main_0+0x10
   \   000002CA   0x6800             LDR      R0,[R0, #+0]
   \   000002CC   0x2804             CMP      R0,#+4
   \   000002CE   0xD140             BNE.N    ??main_5
    139                {
    140                  gpio_set(PORTB, 3,HIGH);  
   \   000002D0   0x2201             MOVS     R2,#+1
   \   000002D2   0x2103             MOVS     R1,#+3
   \   000002D4   0x2001             MOVS     R0,#+1
   \   000002D6   0x.... 0x....      BL       gpio_set
    141                  xianshi(is_over_4_xzm);
   \   000002DA   0x4834             LDR.N    R0,??main_0+0x28
   \   000002DC   0x6800             LDR      R0,[R0, #+0]
   \   000002DE   0x.... 0x....      BL       xianshi
    142                  delayms(5);
   \   000002E2   0x2005             MOVS     R0,#+5
   \   000002E4   0x.... 0x....      BL       delayms
    143                  gpio_set(PORTB, 3,LOW);
   \   000002E8   0x2200             MOVS     R2,#+0
   \   000002EA   0x2103             MOVS     R1,#+3
   \   000002EC   0x2001             MOVS     R0,#+1
   \   000002EE   0x.... 0x....      BL       gpio_set
    144                  
    145                  gpio_set(PORTB, 2,HIGH);
   \   000002F2   0x2201             MOVS     R2,#+1
   \   000002F4   0x2102             MOVS     R1,#+2
   \   000002F6   0x2001             MOVS     R0,#+1
   \   000002F8   0x.... 0x....      BL       gpio_set
    146                  xianshi(0);
   \   000002FC   0x2000             MOVS     R0,#+0
   \   000002FE   0x.... 0x....      BL       xianshi
    147                  delayms(5);
   \   00000302   0x2005             MOVS     R0,#+5
   \   00000304   0x.... 0x....      BL       delayms
    148                  gpio_set(PORTB, 2,LOW);
   \   00000308   0x2200             MOVS     R2,#+0
   \   0000030A   0x2102             MOVS     R1,#+2
   \   0000030C   0x2001             MOVS     R0,#+1
   \   0000030E   0x.... 0x....      BL       gpio_set
    149                  
    150                  gpio_set(PORTA,16,HIGH);
   \   00000312   0x2201             MOVS     R2,#+1
   \   00000314   0x2110             MOVS     R1,#+16
   \   00000316   0x2000             MOVS     R0,#+0
   \   00000318   0x.... 0x....      BL       gpio_set
    151                  xianshi(0);
   \   0000031C   0x2000             MOVS     R0,#+0
   \   0000031E   0x.... 0x....      BL       xianshi
    152                  delayms(5);
   \   00000322   0x2005             MOVS     R0,#+5
   \   00000324   0x.... 0x....      BL       delayms
    153                  gpio_set(PORTA,16,LOW);
   \   00000328   0x2200             MOVS     R2,#+0
   \   0000032A   0x2110             MOVS     R1,#+16
   \   0000032C   0x2000             MOVS     R0,#+0
   \   0000032E   0x.... 0x....      BL       gpio_set
    154                  
    155                  gpio_set(PORTA,17,HIGH);
   \   00000332   0x2201             MOVS     R2,#+1
   \   00000334   0x2111             MOVS     R1,#+17
   \   00000336   0x2000             MOVS     R0,#+0
   \   00000338   0x.... 0x....      BL       gpio_set
    156                  xianshi(0);
   \   0000033C   0x2000             MOVS     R0,#+0
   \   0000033E   0x.... 0x....      BL       xianshi
    157                  delayms(5);
   \   00000342   0x2005             MOVS     R0,#+5
   \   00000344   0x.... 0x....      BL       delayms
    158                  gpio_set(PORTA,17,LOW);
   \   00000348   0x2200             MOVS     R2,#+0
   \   0000034A   0x2111             MOVS     R1,#+17
   \   0000034C   0x2000             MOVS     R0,#+0
   \   0000034E   0x.... 0x....      BL       gpio_set
    159                }
    160                
    161                  FTM_PWM_Duty(FTM0,CH0,duty1);
   \                     ??main_5: (+1)
   \   00000352   0x480C             LDR.N    R0,??main_0
   \   00000354   0x6802             LDR      R2,[R0, #+0]
   \   00000356   0x2100             MOVS     R1,#+0
   \   00000358   0x2000             MOVS     R0,#+0
   \   0000035A   0x.... 0x....      BL       FTM_PWM_Duty
    162                  FTM_PWM_Duty(FTM0,CH1,duty2);
   \   0000035E   0x480A             LDR.N    R0,??main_0+0x4
   \   00000360   0x6802             LDR      R2,[R0, #+0]
   \   00000362   0x2101             MOVS     R1,#+1
   \   00000364   0x2000             MOVS     R0,#+0
   \   00000366   0x.... 0x....      BL       FTM_PWM_Duty
    163                  FTM_PWM_Duty(FTM0,CH2,duty3);
   \   0000036A   0x4808             LDR.N    R0,??main_0+0x8
   \   0000036C   0x6802             LDR      R2,[R0, #+0]
   \   0000036E   0x2102             MOVS     R1,#+2
   \   00000370   0x2000             MOVS     R0,#+0
   \   00000372   0x.... 0x....      BL       FTM_PWM_Duty
    164                  FTM_PWM_Duty(FTM0,CH3,duty4);
   \   00000376   0x4806             LDR.N    R0,??main_0+0xC
   \   00000378   0x6802             LDR      R2,[R0, #+0]
   \   0000037A   0x2103             MOVS     R1,#+3
   \   0000037C   0x2000             MOVS     R0,#+0
   \   0000037E   0x.... 0x....      BL       FTM_PWM_Duty
   \   00000382   0xE6B5             B.N      ??main_1
   \                     ??main_0:
   \   00000384   0x........         DC32     duty1
   \   00000388   0x........         DC32     duty2
   \   0000038C   0x........         DC32     duty3
   \   00000390   0x........         DC32     duty4
   \   00000394   0x........         DC32     number_xzm
   \   00000398   0x........         DC32     is_over_1_xzm
   \   0000039C   0x........         DC32     is_over_2_xzm
   \   000003A0   0x........         DC32     distance_xzm
   \   000003A4   0x........         DC32     is_over_3_xzm
   \   000003A8   0x........         DC32     angle_xzm
   \   000003AC   0x........         DC32     is_over_4_xzm
    165                  
    166                  //time_delay_ms(900);                 //延时0.5s   
    167                 
    168                  //uart0Printf("xzm-%ld-%ld-%ld-%ld-%ld-%ld\n",ax,ay,az,wx,wy,wz);
    169                  
    170                 
    171              }   
    172          }
    173          
    174            
    175           

   Maximum stack usage in bytes:

   .cstack Function
   ------- --------
       8   main
         8   -> FTM_PWM_Duty
         8   -> FTM_PWM_init
         8   -> LED_INIT_xzm
         8   -> MPU6050_Init
         8   -> delayms
         8   -> exti_init
         8   -> gpio_init
         8   -> gpio_set
         8   -> pit_init
         8   -> pit_irq_EN
         8   -> uart_init
         8   -> uart_irq_EN
         8   -> xianshi


   Section sizes:

   Bytes  Function/Label
   -----  --------------
     944  main

 
 944 bytes in section .text
 
 944 bytes of CODE memory

Errors: none
Warnings: none
