###############################################################################
#                                                                             #
# IAR ANSI C/C++ Compiler V6.60.1.5097/W32 for ARM      15/Aug/2015  12:46:31 #
# Copyright 1999-2013 IAR Systems AB.                                         #
#                                                                             #
#    Cpu mode     =  thumb                                                    #
#    Endian       =  little                                                   #
#    Source file  =  C:\Users\Administrator\Desktop\MPU60508.12\src\drivers\M #
#                    PU6050\MPU6050.c                                         #
#    Command line =  C:\Users\Administrator\Desktop\MPU60508.12\src\drivers\M #
#                    PU6050\MPU6050.c -lCN C:\Users\Administrator\Desktop\MPU #
#                    60508.12\build\gpio_demo\FLASH\List\ -lB                 #
#                    C:\Users\Administrator\Desktop\MPU60508.12\build\gpio_de #
#                    mo\FLASH\List\ -o C:\Users\Administrator\Desktop\MPU6050 #
#                    8.12\build\gpio_demo\FLASH\Obj\ --no_cse --no_unroll     #
#                    --no_inline --no_code_motion --no_tbaa --no_clustering   #
#                    --no_scheduling --debug --endian=little --cpu=Cortex-M4  #
#                    -e --fpu=None --dlib_config "D:\IAR Systems\Embedded     #
#                    Workbench 6.5\arm\INC\c\DLib_Config_Normal.h" -I         #
#                    C:\Users\Administrator\Desktop\MPU60508.12\build\gpio_de #
#                    mo\..\ -I C:\Users\Administrator\Desktop\MPU60508.12\bui #
#                    ld\gpio_demo\..\..\src\common\ -I                        #
#                    C:\Users\Administrator\Desktop\MPU60508.12\build\gpio_de #
#                    mo\..\..\src\cpu\ -I C:\Users\Administrator\Desktop\MPU6 #
#                    0508.12\build\gpio_demo\..\..\src\drivers\ -I            #
#                    C:\Users\Administrator\Desktop\MPU60508.12\build\gpio_de #
#                    mo\..\..\src\drivers\gpio\ -I                            #
#                    C:\Users\Administrator\Desktop\MPU60508.12\build\gpio_de #
#                    mo\..\..\src\drivers\flash\ -I                           #
#                    C:\Users\Administrator\Desktop\MPU60508.12\build\gpio_de #
#                    mo\..\..\src\drivers\olcd\ -I                            #
#                    C:\Users\Administrator\Desktop\MPU60508.12\build\gpio_de #
#                    mo\..\..\src\drivers\diskio\ -I                          #
#                    C:\Users\Administrator\Desktop\MPU60508.12\build\gpio_de #
#                    mo\..\..\src\drivers\iospi\ -I                           #
#                    C:\Users\Administrator\Desktop\MPU60508.12\build\gpio_de #
#                    mo\..\..\src\drivers\wdog\ -I                            #
#                    C:\Users\Administrator\Desktop\MPU60508.12\build\gpio_de #
#                    mo\..\..\src\drivers\mcg\ -I                             #
#                    C:\Users\Administrator\Desktop\MPU60508.12\build\gpio_de #
#                    mo\..\..\src\drivers\flash\ -I                           #
#                    C:\Users\Administrator\Desktop\MPU60508.12\build\gpio_de #
#                    mo\..\..\src\drivers\uart\ -I                            #
#                    C:\Users\Administrator\Desktop\MPU60508.12\build\gpio_de #
#                    mo\..\..\src\drivers\lptmr\ -I                           #
#                    C:\Users\Administrator\Desktop\MPU60508.12\build\gpio_de #
#                    mo\..\..\src\drivers\LED\ -I                             #
#                    C:\Users\Administrator\Desktop\MPU60508.12\build\gpio_de #
#                    mo\..\..\src\drivers\fun\ -I                             #
#                    C:\Users\Administrator\Desktop\MPU60508.12\build\gpio_de #
#                    mo\..\..\src\drivers\FTM\ -I                             #
#                    C:\Users\Administrator\Desktop\MPU60508.12\build\gpio_de #
#                    mo\..\..\src\drivers\pit\ -I                             #
#                    C:\Users\Administrator\Desktop\MPU60508.12\build\gpio_de #
#                    mo\..\..\src\drivers\DIPswitch\ -I                       #
#                    C:\Users\Administrator\Desktop\MPU60508.12\build\gpio_de #
#                    mo\..\..\src\drivers\steer\ -I                           #
#                    C:\Users\Administrator\Desktop\MPU60508.12\build\gpio_de #
#                    mo\..\..\src\drivers\motor\ -I                           #
#                    C:\Users\Administrator\Desktop\MPU60508.12\build\gpio_de #
#                    mo\..\..\src\drivers\laser\ -I                           #
#                    C:\Users\Administrator\Desktop\MPU60508.12\build\gpio_de #
#                    mo\..\..\src\drivers\i2c\ -I                             #
#                    C:\Users\Administrator\Desktop\MPU60508.12\build\gpio_de #
#                    mo\..\..\src\drivers\ADdevice\ -I                        #
#                    C:\Users\Administrator\Desktop\MPU60508.12\build\gpio_de #
#                    mo\..\..\src\drivers\adc\ -I                             #
#                    C:\Users\Administrator\Desktop\MPU60508.12\build\gpio_de #
#                    mo\..\..\src\drivers\serial_digtal_scope\ -I             #
#                    C:\Users\Administrator\Desktop\MPU60508.12\build\gpio_de #
#                    mo\..\..\src\drivers\MMA845x\ -I                         #
#                    C:\Users\Administrator\Desktop\MPU60508.12\build\gpio_de #
#                    mo\..\..\src\drivers\exti\ -I                            #
#                    C:\Users\Administrator\Desktop\MPU60508.12\build\gpio_de #
#                    mo\..\..\src\drivers\dma\ -I                             #
#                    C:\Users\Administrator\Desktop\MPU60508.12\build\gpio_de #
#                    mo\..\..\src\platforms\ -I C:\Users\Administrator\Deskto #
#                    p\MPU60508.12\build\gpio_demo\..\..\src\projects\ -I     #
#                    C:\Users\Administrator\Desktop\MPU60508.12\build\gpio_de #
#                    mo\..\..\src\projects\gpio_demo\ -I                      #
#                    C:\Users\Administrator\Desktop\MPU60508.12\build\gpio_de #
#                    mo\..\..\src\drivers\MPU6050\ -I                         #
#                    C:\Users\Administrator\Desktop\MPU60508.12\build\gpio_de #
#                    mo\..\..\src\drivers\steer\ -Ol                          #
#    List file    =  C:\Users\Administrator\Desktop\MPU60508.12\build\gpio_de #
#                    mo\FLASH\List\MPU6050.lst                                #
#    Object file  =  C:\Users\Administrator\Desktop\MPU60508.12\build\gpio_de #
#                    mo\FLASH\Obj\MPU6050.o                                   #
#                                                                             #
#                                                                             #
###############################################################################

C:\Users\Administrator\Desktop\MPU60508.12\src\drivers\MPU6050\MPU6050.c
      1          #include "MPU6050.h"
      2          

   \                                 In section .bss, align 2
      3          volatile int16 MPU6050_ACCEL_XOUT_DATA=0;
   \                     MPU6050_ACCEL_XOUT_DATA:
   \   00000000                      DS8 2

   \                                 In section .bss, align 2
      4          volatile int16 MPU6050_ACCEL_YOUT_DATA=0;
   \                     MPU6050_ACCEL_YOUT_DATA:
   \   00000000                      DS8 2

   \                                 In section .bss, align 2
      5          volatile int16 MPU6050_ACCEL_ZOUT_DATA=0;
   \                     MPU6050_ACCEL_ZOUT_DATA:
   \   00000000                      DS8 2

   \                                 In section .bss, align 2
      6          volatile int16 MPU6050_TEMP_OUT_DATA=0;
   \                     MPU6050_TEMP_OUT_DATA:
   \   00000000                      DS8 2

   \                                 In section .bss, align 2
      7          volatile int16 MPU6050_GYRO_XOUT_DATA=0;
   \                     MPU6050_GYRO_XOUT_DATA:
   \   00000000                      DS8 2

   \                                 In section .bss, align 2
      8          volatile int16 MPU6050_GYRO_YOUT_DATA=0;
   \                     MPU6050_GYRO_YOUT_DATA:
   \   00000000                      DS8 2

   \                                 In section .bss, align 2
      9          volatile int16 MPU6050_GYRO_ZOUT_DATA=0;
   \                     MPU6050_GYRO_ZOUT_DATA:
   \   00000000                      DS8 2
     10          

   \                                 In section .text, align 2, keep-with-next
     11          void MPU6050_Init(void)
     12          {
   \                     MPU6050_Init: (+1)
   \   00000000   0xB580             PUSH     {R7,LR}
     13            i2c_init(MPU6050_I2C_Moudle,0,0,4);
   \   00000002   0x2304             MOVS     R3,#+4
   \   00000004   0x2200             MOVS     R2,#+0
   \   00000006   0x2100             MOVS     R1,#+0
   \   00000008   0x2000             MOVS     R0,#+0
   \   0000000A   0x.... 0x....      BL       i2c_init
     14            i2c_writeaddr(MPU6050_I2C_Moudle, MPU6050_ADDRESS,MPU6050_PWR_MGMT_1, 0x00);
   \   0000000E   0x2300             MOVS     R3,#+0
   \   00000010   0x226B             MOVS     R2,#+107
   \   00000012   0x2168             MOVS     R1,#+104
   \   00000014   0x2000             MOVS     R0,#+0
   \   00000016   0x.... 0x....      BL       i2c_writeaddr
     15            i2c_writeaddr(MPU6050_I2C_Moudle, MPU6050_ADDRESS,MPU6050_PWR_MGMT_2, 0x00);
   \   0000001A   0x2300             MOVS     R3,#+0
   \   0000001C   0x226C             MOVS     R2,#+108
   \   0000001E   0x2168             MOVS     R1,#+104
   \   00000020   0x2000             MOVS     R0,#+0
   \   00000022   0x.... 0x....      BL       i2c_writeaddr
     16            i2c_writeaddr(MPU6050_I2C_Moudle, MPU6050_ADDRESS,MPU6050_CONFIG, 0x06);//低通滤波器带宽5Hz
   \   00000026   0x2306             MOVS     R3,#+6
   \   00000028   0x221A             MOVS     R2,#+26
   \   0000002A   0x2168             MOVS     R1,#+104
   \   0000002C   0x2000             MOVS     R0,#+0
   \   0000002E   0x.... 0x....      BL       i2c_writeaddr
     17            i2c_writeaddr(MPU6050_I2C_Moudle, MPU6050_ADDRESS,MPU6050_GYRO_CONFIG, 0x08);//不自检   ±500 °/s
   \   00000032   0x2308             MOVS     R3,#+8
   \   00000034   0x221B             MOVS     R2,#+27
   \   00000036   0x2168             MOVS     R1,#+104
   \   00000038   0x2000             MOVS     R0,#+0
   \   0000003A   0x.... 0x....      BL       i2c_writeaddr
     18            i2c_writeaddr(MPU6050_I2C_Moudle, MPU6050_ADDRESS,MPU6050_ACCEL_CONFIG, 0x08);//不自检  ±4g
   \   0000003E   0x2308             MOVS     R3,#+8
   \   00000040   0x221C             MOVS     R2,#+28
   \   00000042   0x2168             MOVS     R1,#+104
   \   00000044   0x2000             MOVS     R0,#+0
   \   00000046   0x.... 0x....      BL       i2c_writeaddr
     19          }
   \   0000004A   0xBD01             POP      {R0,PC}          ;; return
     20          

   \                                 In section .text, align 2, keep-with-next
     21          int16 MPU6050_GetDoubleData(uint8 Addr)
     22          {
   \                     MPU6050_GetDoubleData: (+1)
   \   00000000   0xB538             PUSH     {R3-R5,LR}
   \   00000002   0x0004             MOVS     R4,R0
     23            uint16 data=0x0000;
   \   00000004   0x2500             MOVS     R5,#+0
     24            data=i2c_readaddr(MPU6050_I2C_Moudle,MPU6050_ADDRESS, Addr);
   \   00000006   0x0022             MOVS     R2,R4
   \   00000008   0xB2D2             UXTB     R2,R2            ;; ZeroExt  R2,R2,#+24,#+24
   \   0000000A   0x2168             MOVS     R1,#+104
   \   0000000C   0x2000             MOVS     R0,#+0
   \   0000000E   0x.... 0x....      BL       i2c_readaddr
   \   00000012   0x0005             MOVS     R5,R0
     25            data=(uint16)((data<<8)&0xff00);
   \   00000014   0x022D             LSLS     R5,R5,#+8
     26            data+=i2c_readaddr(MPU6050_I2C_Moudle,MPU6050_ADDRESS, Addr+1);
   \   00000016   0x1C62             ADDS     R2,R4,#+1
   \   00000018   0xB2D2             UXTB     R2,R2            ;; ZeroExt  R2,R2,#+24,#+24
   \   0000001A   0x2168             MOVS     R1,#+104
   \   0000001C   0x2000             MOVS     R0,#+0
   \   0000001E   0x.... 0x....      BL       i2c_readaddr
   \   00000022   0xFA55 0xF580      UXTAB    R5,R5,R0
     27            //int16 data;
     28            //data=	((int16)i2c_readaddr(MPU6050_I2C_Moudle,MPU6050_ADDRESS, Addr)<<8)
     29            //      |(int16)i2c_readaddr(MPU6050_I2C_Moudle,MPU6050_ADDRESS, Addr+1);
     30            
     31            return (int16)data;//合成数据，为有符号整形数
   \   00000026   0x0028             MOVS     R0,R5
   \   00000028   0xB200             SXTH     R0,R0            ;; SignExt  R0,R0,#+16,#+16
   \   0000002A   0xBD32             POP      {R1,R4,R5,PC}    ;; return
     32          }
     33          
     34          
     35          

   \                                 In section .text, align 2, keep-with-next
     36          void MPU6050_GetData(void)
     37          {
   \                     MPU6050_GetData: (+1)
   \   00000000   0xB510             PUSH     {R4,LR}
     38            MPU6050_ACCEL_XOUT_DATA=((int16)i2c_readaddr(MPU6050_I2C_Moudle,MPU6050_ADDRESS, MPU6050_ACCEL_XOUT)<<8)
     39                                    |(int16)i2c_readaddr(MPU6050_I2C_Moudle,MPU6050_ADDRESS, MPU6050_ACCEL_XOUT+1);
   \   00000002   0x223B             MOVS     R2,#+59
   \   00000004   0x2168             MOVS     R1,#+104
   \   00000006   0x2000             MOVS     R0,#+0
   \   00000008   0x.... 0x....      BL       i2c_readaddr
   \   0000000C   0x0004             MOVS     R4,R0
   \   0000000E   0xB2E4             UXTB     R4,R4            ;; ZeroExt  R4,R4,#+24,#+24
   \   00000010   0x223C             MOVS     R2,#+60
   \   00000012   0x2168             MOVS     R1,#+104
   \   00000014   0x2000             MOVS     R0,#+0
   \   00000016   0x.... 0x....      BL       i2c_readaddr
   \   0000001A   0xEA50 0x2004      ORRS     R0,R0,R4, LSL #+8
   \   0000001E   0x....             LDR.N    R1,??DataTable0
   \   00000020   0x8008             STRH     R0,[R1, #+0]
     40            MPU6050_ACCEL_YOUT_DATA=((int16)i2c_readaddr(MPU6050_I2C_Moudle,MPU6050_ADDRESS, MPU6050_ACCEL_YOUT)<<8)
     41                                    |(int16)i2c_readaddr(MPU6050_I2C_Moudle,MPU6050_ADDRESS, MPU6050_ACCEL_YOUT+1);
   \   00000022   0x223D             MOVS     R2,#+61
   \   00000024   0x2168             MOVS     R1,#+104
   \   00000026   0x2000             MOVS     R0,#+0
   \   00000028   0x.... 0x....      BL       i2c_readaddr
   \   0000002C   0x0004             MOVS     R4,R0
   \   0000002E   0xB2E4             UXTB     R4,R4            ;; ZeroExt  R4,R4,#+24,#+24
   \   00000030   0x223E             MOVS     R2,#+62
   \   00000032   0x2168             MOVS     R1,#+104
   \   00000034   0x2000             MOVS     R0,#+0
   \   00000036   0x.... 0x....      BL       i2c_readaddr
   \   0000003A   0xEA50 0x2004      ORRS     R0,R0,R4, LSL #+8
   \   0000003E   0x....             LDR.N    R1,??DataTable0_1
   \   00000040   0x8008             STRH     R0,[R1, #+0]
     42            MPU6050_ACCEL_ZOUT_DATA=((int16)i2c_readaddr(MPU6050_I2C_Moudle,MPU6050_ADDRESS, MPU6050_ACCEL_ZOUT)<<8)
     43                                    |(int16)i2c_readaddr(MPU6050_I2C_Moudle,MPU6050_ADDRESS, MPU6050_ACCEL_ZOUT+1);
   \   00000042   0x223F             MOVS     R2,#+63
   \   00000044   0x2168             MOVS     R1,#+104
   \   00000046   0x2000             MOVS     R0,#+0
   \   00000048   0x.... 0x....      BL       i2c_readaddr
   \   0000004C   0x0004             MOVS     R4,R0
   \   0000004E   0xB2E4             UXTB     R4,R4            ;; ZeroExt  R4,R4,#+24,#+24
   \   00000050   0x2240             MOVS     R2,#+64
   \   00000052   0x2168             MOVS     R1,#+104
   \   00000054   0x2000             MOVS     R0,#+0
   \   00000056   0x.... 0x....      BL       i2c_readaddr
   \   0000005A   0xEA50 0x2004      ORRS     R0,R0,R4, LSL #+8
   \   0000005E   0x....             LDR.N    R1,??DataTable0_2
   \   00000060   0x8008             STRH     R0,[R1, #+0]
     44            MPU6050_TEMP_OUT_DATA=((int16)i2c_readaddr(MPU6050_I2C_Moudle,MPU6050_ADDRESS, MPU6050_TEMP_OUT)<<8)
     45                                    |(int16)i2c_readaddr(MPU6050_I2C_Moudle,MPU6050_ADDRESS, MPU6050_TEMP_OUT+1);
   \   00000062   0x2241             MOVS     R2,#+65
   \   00000064   0x2168             MOVS     R1,#+104
   \   00000066   0x2000             MOVS     R0,#+0
   \   00000068   0x.... 0x....      BL       i2c_readaddr
   \   0000006C   0x0004             MOVS     R4,R0
   \   0000006E   0xB2E4             UXTB     R4,R4            ;; ZeroExt  R4,R4,#+24,#+24
   \   00000070   0x2242             MOVS     R2,#+66
   \   00000072   0x2168             MOVS     R1,#+104
   \   00000074   0x2000             MOVS     R0,#+0
   \   00000076   0x.... 0x....      BL       i2c_readaddr
   \   0000007A   0xEA50 0x2004      ORRS     R0,R0,R4, LSL #+8
   \   0000007E   0x....             LDR.N    R1,??DataTable0_3
   \   00000080   0x8008             STRH     R0,[R1, #+0]
     46            MPU6050_GYRO_XOUT_DATA=((int16)i2c_readaddr(MPU6050_I2C_Moudle,MPU6050_ADDRESS, MPU6050_GYRO_XOUT)<<8)
     47                                    |(int16)i2c_readaddr(MPU6050_I2C_Moudle,MPU6050_ADDRESS, MPU6050_GYRO_XOUT+1);
   \   00000082   0x2243             MOVS     R2,#+67
   \   00000084   0x2168             MOVS     R1,#+104
   \   00000086   0x2000             MOVS     R0,#+0
   \   00000088   0x.... 0x....      BL       i2c_readaddr
   \   0000008C   0x0004             MOVS     R4,R0
   \   0000008E   0xB2E4             UXTB     R4,R4            ;; ZeroExt  R4,R4,#+24,#+24
   \   00000090   0x2244             MOVS     R2,#+68
   \   00000092   0x2168             MOVS     R1,#+104
   \   00000094   0x2000             MOVS     R0,#+0
   \   00000096   0x.... 0x....      BL       i2c_readaddr
   \   0000009A   0xEA50 0x2004      ORRS     R0,R0,R4, LSL #+8
   \   0000009E   0x....             LDR.N    R1,??DataTable0_4
   \   000000A0   0x8008             STRH     R0,[R1, #+0]
     48            MPU6050_GYRO_YOUT_DATA=((int16)i2c_readaddr(MPU6050_I2C_Moudle,MPU6050_ADDRESS, MPU6050_GYRO_YOUT)<<8)
     49                                    |(int16)i2c_readaddr(MPU6050_I2C_Moudle,MPU6050_ADDRESS, MPU6050_GYRO_YOUT+1);
   \   000000A2   0x2245             MOVS     R2,#+69
   \   000000A4   0x2168             MOVS     R1,#+104
   \   000000A6   0x2000             MOVS     R0,#+0
   \   000000A8   0x.... 0x....      BL       i2c_readaddr
   \   000000AC   0x0004             MOVS     R4,R0
   \   000000AE   0xB2E4             UXTB     R4,R4            ;; ZeroExt  R4,R4,#+24,#+24
   \   000000B0   0x2246             MOVS     R2,#+70
   \   000000B2   0x2168             MOVS     R1,#+104
   \   000000B4   0x2000             MOVS     R0,#+0
   \   000000B6   0x.... 0x....      BL       i2c_readaddr
   \   000000BA   0xEA50 0x2004      ORRS     R0,R0,R4, LSL #+8
   \   000000BE   0x....             LDR.N    R1,??DataTable0_5
   \   000000C0   0x8008             STRH     R0,[R1, #+0]
     50            MPU6050_GYRO_ZOUT_DATA=((int16)i2c_readaddr(MPU6050_I2C_Moudle,MPU6050_ADDRESS, MPU6050_GYRO_ZOUT)<<8)
     51                                    |(int16)i2c_readaddr(MPU6050_I2C_Moudle,MPU6050_ADDRESS, MPU6050_GYRO_ZOUT+1);
   \   000000C2   0x2247             MOVS     R2,#+71
   \   000000C4   0x2168             MOVS     R1,#+104
   \   000000C6   0x2000             MOVS     R0,#+0
   \   000000C8   0x.... 0x....      BL       i2c_readaddr
   \   000000CC   0x0004             MOVS     R4,R0
   \   000000CE   0xB2E4             UXTB     R4,R4            ;; ZeroExt  R4,R4,#+24,#+24
   \   000000D0   0x2248             MOVS     R2,#+72
   \   000000D2   0x2168             MOVS     R1,#+104
   \   000000D4   0x2000             MOVS     R0,#+0
   \   000000D6   0x.... 0x....      BL       i2c_readaddr
   \   000000DA   0xEA50 0x2004      ORRS     R0,R0,R4, LSL #+8
   \   000000DE   0x....             LDR.N    R1,??DataTable0_6
   \   000000E0   0x8008             STRH     R0,[R1, #+0]
     52          }
   \   000000E2   0xBD10             POP      {R4,PC}          ;; return

   \                                 In section .text, align 4, keep-with-next
   \                     ??DataTable0:
   \   00000000   0x........         DC32     MPU6050_ACCEL_XOUT_DATA

   \                                 In section .text, align 4, keep-with-next
   \                     ??DataTable0_1:
   \   00000000   0x........         DC32     MPU6050_ACCEL_YOUT_DATA

   \                                 In section .text, align 4, keep-with-next
   \                     ??DataTable0_2:
   \   00000000   0x........         DC32     MPU6050_ACCEL_ZOUT_DATA

   \                                 In section .text, align 4, keep-with-next
   \                     ??DataTable0_3:
   \   00000000   0x........         DC32     MPU6050_TEMP_OUT_DATA

   \                                 In section .text, align 4, keep-with-next
   \                     ??DataTable0_4:
   \   00000000   0x........         DC32     MPU6050_GYRO_XOUT_DATA

   \                                 In section .text, align 4, keep-with-next
   \                     ??DataTable0_5:
   \   00000000   0x........         DC32     MPU6050_GYRO_YOUT_DATA

   \                                 In section .text, align 4, keep-with-next
   \                     ??DataTable0_6:
   \   00000000   0x........         DC32     MPU6050_GYRO_ZOUT_DATA

   Maximum stack usage in bytes:

   .cstack Function
   ------- --------
       8   MPU6050_GetData
         8   -> i2c_readaddr
      16   MPU6050_GetDoubleData
        16   -> i2c_readaddr
       8   MPU6050_Init
         8   -> i2c_init
         8   -> i2c_writeaddr


   Section sizes:

   Bytes  Function/Label
   -----  --------------
       4  ??DataTable0
       4  ??DataTable0_1
       4  ??DataTable0_2
       4  ??DataTable0_3
       4  ??DataTable0_4
       4  ??DataTable0_5
       4  ??DataTable0_6
       2  MPU6050_ACCEL_XOUT_DATA
       2  MPU6050_ACCEL_YOUT_DATA
       2  MPU6050_ACCEL_ZOUT_DATA
       2  MPU6050_GYRO_XOUT_DATA
       2  MPU6050_GYRO_YOUT_DATA
       2  MPU6050_GYRO_ZOUT_DATA
     228  MPU6050_GetData
      44  MPU6050_GetDoubleData
      76  MPU6050_Init
       2  MPU6050_TEMP_OUT_DATA

 
  14 bytes in section .bss
 376 bytes in section .text
 
 376 bytes of CODE memory
  14 bytes of DATA memory

Errors: none
Warnings: none
