###############################################################################
#                                                                             #
# IAR ANSI C/C++ Compiler V6.30.1.53127/W32 for ARM     22/Dec/2013  00:55:21 #
# Copyright 1999-2011 IAR Systems AB.                                         #
#                                                                             #
#    Cpu mode     =  thumb                                                    #
#    Endian       =  little                                                   #
#    Source file  =  C:\Users\Administrator\Desktop\杨向军的K60模板_只有基本I #
#                    O操作\build\gpio_demo\global.c                           #
#    Command line =  C:\Users\Administrator\Desktop\杨向军的K60模板_只有基本I #
#                    O操作\build\gpio_demo\global.c -lCN                      #
#                    C:\Users\Administrator\Desktop\杨向军的K60模板_只有基本I #
#                    O操作\build\gpio_demo\RAM\List\ -lB                      #
#                    C:\Users\Administrator\Desktop\杨向军的K60模板_只有基本I #
#                    O操作\build\gpio_demo\RAM\List\ -o                       #
#                    C:\Users\Administrator\Desktop\杨向军的K60模板_只有基本I #
#                    O操作\build\gpio_demo\RAM\Obj\ --no_cse --no_unroll      #
#                    --no_inline --no_code_motion --no_tbaa --no_clustering   #
#                    --no_scheduling --debug --endian=little --cpu=Cortex-M4  #
#                    -e --fpu=None --dlib_config "E:\Program Files (x86)\IAR  #
#                    Systems\Embedded Workbench 6.0\arm\INC\c\DLib_Config_Nor #
#                    mal.h" -I C:\Users\Administrator\Desktop\杨向军的K60模板 #
#                    _只有基本IO操作\build\gpio_demo\..\ -I                   #
#                    C:\Users\Administrator\Desktop\杨向军的K60模板_只有基本I #
#                    O操作\build\gpio_demo\..\..\src\common\ -I               #
#                    C:\Users\Administrator\Desktop\杨向军的K60模板_只有基本I #
#                    O操作\build\gpio_demo\..\..\src\cpu\ -I                  #
#                    C:\Users\Administrator\Desktop\杨向军的K60模板_只有基本I #
#                    O操作\build\gpio_demo\..\..\src\drivers\ -I              #
#                    C:\Users\Administrator\Desktop\杨向军的K60模板_只有基本I #
#                    O操作\build\gpio_demo\..\..\src\drivers\gpio\ -I         #
#                    C:\Users\Administrator\Desktop\杨向军的K60模板_只有基本I #
#                    O操作\build\gpio_demo\..\..\src\drivers\wdog\ -I         #
#                    C:\Users\Administrator\Desktop\杨向军的K60模板_只有基本I #
#                    O操作\build\gpio_demo\..\..\src\drivers\mcg\ -I          #
#                    C:\Users\Administrator\Desktop\杨向军的K60模板_只有基本I #
#                    O操作\build\gpio_demo\..\..\src\drivers\uart\ -I         #
#                    C:\Users\Administrator\Desktop\杨向军的K60模板_只有基本I #
#                    O操作\build\gpio_demo\..\..\src\drivers\lptmr\ -I        #
#                    C:\Users\Administrator\Desktop\杨向军的K60模板_只有基本I #
#                    O操作\build\gpio_demo\..\..\src\drivers\fun\ -I          #
#                    C:\Users\Administrator\Desktop\杨向军的K60模板_只有基本I #
#                    O操作\build\gpio_demo\..\..\src\drivers\led\ -I          #
#                    C:\Users\Administrator\Desktop\杨向军的K60模板_只有基本I #
#                    O操作\build\gpio_demo\..\..\src\drivers\i2c\ -I          #
#                    C:\Users\Administrator\Desktop\杨向军的K60模板_只有基本I #
#                    O操作\build\gpio_demo\..\..\src\drivers\MMA845x\ -I      #
#                    C:\Users\Administrator\Desktop\杨向军的K60模板_只有基本I #
#                    O操作\build\gpio_demo\..\..\src\drivers\motor\ -I        #
#                    C:\Users\Administrator\Desktop\杨向军的K60模板_只有基本I #
#                    O操作\build\gpio_demo\..\..\src\drivers\pit\ -I          #
#                    C:\Users\Administrator\Desktop\杨向军的K60模板_只有基本I #
#                    O操作\build\gpio_demo\..\..\src\drivers\steer\ -I        #
#                    C:\Users\Administrator\Desktop\杨向军的K60模板_只有基本I #
#                    O操作\build\gpio_demo\..\..\src\drivers\ftm\ -I          #
#                    C:\Users\Administrator\Desktop\杨向军的K60模板_只有基本I #
#                    O操作\build\gpio_demo\..\..\src\drivers\DIPswitch\ -I    #
#                    C:\Users\Administrator\Desktop\杨向军的K60模板_只有基本I #
#                    O操作\build\gpio_demo\..\..\src\drivers\dma\ -I          #
#                    C:\Users\Administrator\Desktop\杨向军的K60模板_只有基本I #
#                    O操作\build\gpio_demo\..\..\src\platforms\ -I            #
#                    C:\Users\Administrator\Desktop\杨向军的K60模板_只有基本I #
#                    O操作\build\gpio_demo\..\..\src\projects\ -I             #
#                    C:\Users\Administrator\Desktop\杨向军的K60模板_只有基本I #
#                    O操作\build\gpio_demo\..\..\src\projects\gpio_demo\ -Ol  #
#    List file    =  C:\Users\Administrator\Desktop\杨向军的K60模板_只有基本I #
#                    O操作\build\gpio_demo\RAM\List\global.lst                #
#    Object file  =  C:\Users\Administrator\Desktop\杨向军的K60模板_只有基本I #
#                    O操作\build\gpio_demo\RAM\Obj\global.o                   #
#                                                                             #
#                                                                             #
###############################################################################



 

 


Errors: none
Warnings: none
