###############################################################################
#                                                                             #
# IAR ANSI C/C++ Compiler V6.30.1.53127/W32 for ARM     22/Dec/2013  00:47:27 #
# Copyright 1999-2011 IAR Systems AB.                                         #
#                                                                             #
#    Cpu mode     =  thumb                                                    #
#    Endian       =  little                                                   #
#    Source file  =  C:\Users\Administrator\Desktop\杨向军的K60模板_只有基本I #
#                    O操作\src\drivers\DIPswitch\DIPswitch.c                  #
#    Command line =  C:\Users\Administrator\Desktop\杨向军的K60模板_只有基本I #
#                    O操作\src\drivers\DIPswitch\DIPswitch.c -lCN             #
#                    C:\Users\Administrator\Desktop\杨向军的K60模板_只有基本I #
#                    O操作\build\SX_demo\FLASH\List\ -lB                      #
#                    C:\Users\Administrator\Desktop\杨向军的K60模板_只有基本I #
#                    O操作\build\SX_demo\FLASH\List\ -o                       #
#                    C:\Users\Administrator\Desktop\杨向军的K60模板_只有基本I #
#                    O操作\build\SX_demo\FLASH\Obj\ --no_cse --no_unroll      #
#                    --no_inline --no_code_motion --no_tbaa --no_clustering   #
#                    --no_scheduling --debug --endian=little --cpu=Cortex-M4  #
#                    -e --fpu=None --dlib_config "E:\Program Files (x86)\IAR  #
#                    Systems\Embedded Workbench 6.0\arm\INC\c\DLib_Config_Nor #
#                    mal.h" -I C:\Users\Administrator\Desktop\杨向军的K60模板 #
#                    _只有基本IO操作\build\SX_demo\..\ -I                     #
#                    C:\Users\Administrator\Desktop\杨向军的K60模板_只有基本I #
#                    O操作\build\SX_demo\..\..\src\common\ -I                 #
#                    C:\Users\Administrator\Desktop\杨向军的K60模板_只有基本I #
#                    O操作\build\SX_demo\..\..\src\cpu\ -I                    #
#                    C:\Users\Administrator\Desktop\杨向军的K60模板_只有基本I #
#                    O操作\build\SX_demo\..\..\src\drivers\ -I                #
#                    C:\Users\Administrator\Desktop\杨向军的K60模板_只有基本I #
#                    O操作\build\SX_demo\..\..\src\drivers\gpio\ -I           #
#                    C:\Users\Administrator\Desktop\杨向军的K60模板_只有基本I #
#                    O操作\build\SX_demo\..\..\src\drivers\wdog\ -I           #
#                    C:\Users\Administrator\Desktop\杨向军的K60模板_只有基本I #
#                    O操作\build\SX_demo\..\..\src\drivers\mcg\ -I            #
#                    C:\Users\Administrator\Desktop\杨向军的K60模板_只有基本I #
#                    O操作\build\SX_demo\..\..\src\drivers\uart\ -I           #
#                    C:\Users\Administrator\Desktop\杨向军的K60模板_只有基本I #
#                    O操作\build\SX_demo\..\..\src\drivers\lptmr\ -I          #
#                    C:\Users\Administrator\Desktop\杨向军的K60模板_只有基本I #
#                    O操作\build\SX_demo\..\..\src\drivers\LED\ -I            #
#                    C:\Users\Administrator\Desktop\杨向军的K60模板_只有基本I #
#                    O操作\build\SX_demo\..\..\src\drivers\fun\ -I            #
#                    C:\Users\Administrator\Desktop\杨向军的K60模板_只有基本I #
#                    O操作\build\SX_demo\..\..\src\drivers\FTM\ -I            #
#                    C:\Users\Administrator\Desktop\杨向军的K60模板_只有基本I #
#                    O操作\build\SX_demo\..\..\src\drivers\pit\ -I            #
#                    C:\Users\Administrator\Desktop\杨向军的K60模板_只有基本I #
#                    O操作\build\SX_demo\..\..\src\drivers\DIPswitch\ -I      #
#                    C:\Users\Administrator\Desktop\杨向军的K60模板_只有基本I #
#                    O操作\build\SX_demo\..\..\src\drivers\steer\ -I          #
#                    C:\Users\Administrator\Desktop\杨向军的K60模板_只有基本I #
#                    O操作\build\SX_demo\..\..\src\drivers\ccd\ -I            #
#                    C:\Users\Administrator\Desktop\杨向军的K60模板_只有基本I #
#                    O操作\build\SX_demo\..\..\src\drivers\dma\ -I            #
#                    C:\Users\Administrator\Desktop\杨向军的K60模板_只有基本I #
#                    O操作\build\SX_demo\..\..\src\drivers\motor\ -I          #
#                    C:\Users\Administrator\Desktop\杨向军的K60模板_只有基本I #
#                    O操作\build\SX_demo\..\..\src\platforms\ -I              #
#                    C:\Users\Administrator\Desktop\杨向军的K60模板_只有基本I #
#                    O操作\build\SX_demo\..\..\src\projects\ -I               #
#                    C:\Users\Administrator\Desktop\杨向军的K60模板_只有基本I #
#                    O操作\build\SX_demo\..\..\src\projects\SX_demo\ -Ol      #
#    List file    =  C:\Users\Administrator\Desktop\杨向军的K60模板_只有基本I #
#                    O操作\build\SX_demo\FLASH\List\DIPswitch.lst             #
#    Object file  =  C:\Users\Administrator\Desktop\杨向军的K60模板_只有基本I #
#                    O操作\build\SX_demo\FLASH\Obj\DIPswitch.o                #
#                                                                             #
#                                                                             #
###############################################################################

C:\Users\Administrator\Desktop\杨向军的K60模板_只有基本IO操作\src\drivers\DIPswitch\DIPswitch.c
      1          
      2          /*
      3          ************************************************************************
      4          *                北京邮电大学 K60 学习例程                                        
      5          * 文件名 :[DIPswitch.c] 
      6          * 描  述 ：拨码开关
      7          *设计改进：snowwolf
      8          *  Email ：snowwolf2012@qq.com
      9          * 说  明 ：拨码开关 驱动程序
     10          ***********************************************************************
     11          */
     12          
     13          #include  "DIPswitch.h"
     14          
     15          
     16          /*************************************************************************
     17          *  函数名称：DIPswitch_init
     18          *  功能说明：初始化拨码开关端口，设置IO口为输入方向
     19          *  参数说明：无
     20          *  函数返回：无
     21          *  修改时间：2012-2-2   已测试
     22          *  备    注：
     23          *************************************************************************/

   \                                 In section .text, align 2, keep-with-next
     24          void    DIPswitch_init(void)
     25          {
   \                     DIPswitch_init:
   \   00000000   0xB580             PUSH     {R7,LR}
     26              gpio_init(DIPswitch_PORT,DIP0,GPI,0);
   \   00000002   0x2300             MOVS     R3,#+0
   \   00000004   0x2200             MOVS     R2,#+0
   \   00000006   0x210E             MOVS     R1,#+14
   \   00000008   0x2000             MOVS     R0,#+0
   \   0000000A   0x.... 0x....      BL       gpio_init
     27              gpio_init(DIPswitch_PORT,DIP1,GPI,0);
   \   0000000E   0x2300             MOVS     R3,#+0
   \   00000010   0x2200             MOVS     R2,#+0
   \   00000012   0x2110             MOVS     R1,#+16
   \   00000014   0x2000             MOVS     R0,#+0
   \   00000016   0x.... 0x....      BL       gpio_init
     28              gpio_init(DIPswitch_PORT,DIP2,GPI,0);
   \   0000001A   0x2300             MOVS     R3,#+0
   \   0000001C   0x2200             MOVS     R2,#+0
   \   0000001E   0x2111             MOVS     R1,#+17
   \   00000020   0x2000             MOVS     R0,#+0
   \   00000022   0x.... 0x....      BL       gpio_init
     29              gpio_init(DIPswitch_PORT,DIP3,GPI,0);
   \   00000026   0x2300             MOVS     R3,#+0
   \   00000028   0x2200             MOVS     R2,#+0
   \   0000002A   0x2105             MOVS     R1,#+5
   \   0000002C   0x2000             MOVS     R0,#+0
   \   0000002E   0x.... 0x....      BL       gpio_init
     30          }
   \   00000032   0xBD01             POP      {R0,PC}          ;; return
     31          
     32          
     33          /*************************************************************************
     34          *  函数名称：DIPswitch_val
     35          *  功能说明：得到拨码开关的值
     36          *  参数说明：无
     37          *  函数返回：拨码开关的值
     38          *  修改时间：2012-2-2   已测试
     39          *  备    注：
     40          *************************************************************************/

   \                                 In section .text, align 2, keep-with-next
     41          u8 DIPswitch_val()
     42          {
     43              u8 val = 0;
   \                     DIPswitch_val:
   \   00000000   0x2000             MOVS     R0,#+0
     44              val |= GPIO_Get(DIPswitch_PORT,DIP3) << 3;
   \   00000002   0x....             LDR.N    R1,??DataTable2
   \   00000004   0x6809             LDR      R1,[R1, #+0]
   \   00000006   0x6909             LDR      R1,[R1, #+16]
   \   00000008   0x0889             LSRS     R1,R1,#+2
   \   0000000A   0xF011 0x0108      ANDS     R1,R1,#0x8
   \   0000000E   0x4308             ORRS     R0,R1,R0
     45              val |= GPIO_Get(DIPswitch_PORT,DIP2) << 2;
   \   00000010   0x....             LDR.N    R1,??DataTable2
   \   00000012   0x6809             LDR      R1,[R1, #+0]
   \   00000014   0x6909             LDR      R1,[R1, #+16]
   \   00000016   0x0BC9             LSRS     R1,R1,#+15
   \   00000018   0xF011 0x0104      ANDS     R1,R1,#0x4
   \   0000001C   0x4308             ORRS     R0,R1,R0
     46              val |= GPIO_Get(DIPswitch_PORT,DIP1) << 1;
   \   0000001E   0x....             LDR.N    R1,??DataTable2
   \   00000020   0x6809             LDR      R1,[R1, #+0]
   \   00000022   0x6909             LDR      R1,[R1, #+16]
   \   00000024   0x0BC9             LSRS     R1,R1,#+15
   \   00000026   0xF011 0x0102      ANDS     R1,R1,#0x2
   \   0000002A   0x4308             ORRS     R0,R1,R0
     47              val |= GPIO_Get(DIPswitch_PORT,DIP0) << 0;                     
   \   0000002C   0x....             LDR.N    R1,??DataTable2
   \   0000002E   0x6809             LDR      R1,[R1, #+0]
   \   00000030   0x6909             LDR      R1,[R1, #+16]
   \   00000032   0x0B89             LSRS     R1,R1,#+14
   \   00000034   0xF011 0x0101      ANDS     R1,R1,#0x1
   \   00000038   0x4308             ORRS     R0,R1,R0
     48          #if DIPVAL == 0                     
     49              return val;
   \   0000003A   0xB2C0             UXTB     R0,R0            ;; ZeroExt  R0,R0,#+24,#+24
   \   0000003C   0x4770             BX       LR               ;; return
     50          #else
     51              return ((~val)&0x0F);  //取反
     52          #endif
     53          }
     54          /*************************************************************************
     55          *  函数名称：DIPswitch_valbit
     56          *  功能说明：得到拨码开关的值某一个位的值
     57          *  参数说明：无
     58          *  函数返回：拨码开关的值
     59          *  修改时间：2012-2-2   已测试
     60          *  备    注：
     61          *           用拨码开关可以设置不同的启动条件。如果可以设置多个档位的速度
     62          *************************************************************************/

   \                                 In section .text, align 2, keep-with-next
     63          u8 DIPswitch_valbit(DIPn dipn)
     64          {
     65          #if DIPVAL == 0    
     66            return GPIO_Get(DIPswitch_PORT,dipn);
   \                     DIPswitch_valbit:
   \   00000000   0x....             LDR.N    R1,??DataTable2
   \   00000002   0x6809             LDR      R1,[R1, #+0]
   \   00000004   0x6909             LDR      R1,[R1, #+16]
   \   00000006   0xFA31 0xF000      LSRS     R0,R1,R0
   \   0000000A   0xF010 0x0001      ANDS     R0,R0,#0x1
   \   0000000E   0x4770             BX       LR               ;; return
     67          #else
     68            return (GPIO_Get(DIPswitch_PORT,dipn)^1);
     69          #endif
     70          }
     71                              
     72                              
     73          /*************************************************************************
     74          *  函数名称：DIPswitch_Ctrl
     75          *  功能说明：拨码开关控制程序
     76          *  参数说明：无
     77          *  函数返回：无
     78          *  修改时间：2012-2-2   已测试
     79          *  备    注：如果拨码开关和你希望的值是反相，尝试把宏定义 DIPVAL 取反
     80          *************************************************************************/

   \                                 In section .text, align 2, keep-with-next
     81          u8 DIPswitch_ctrl(void)
     82          {
   \                     DIPswitch_ctrl:
   \   00000000   0xB580             PUSH     {R7,LR}
     83             DIPswitch_init();
   \   00000002   0x.... 0x....      BL       DIPswitch_init
     84             //在这里添加需要启动选择设置的变量
     85             switch(DIPswitch_val())
   \   00000006   0x.... 0x....      BL       DIPswitch_val
   \   0000000A   0x2800             CMP      R0,#+0
   \   0000000C   0xD017             BEQ.N    ??DIPswitch_ctrl_0
   \   0000000E   0x2802             CMP      R0,#+2
   \   00000010   0xD01D             BEQ.N    ??DIPswitch_ctrl_1
   \   00000012   0xD318             BCC.N    ??DIPswitch_ctrl_2
   \   00000014   0x2804             CMP      R0,#+4
   \   00000016   0xD022             BEQ.N    ??DIPswitch_ctrl_3
   \   00000018   0xD31D             BCC.N    ??DIPswitch_ctrl_4
   \   0000001A   0x2806             CMP      R0,#+6
   \   0000001C   0xD027             BEQ.N    ??DIPswitch_ctrl_5
   \   0000001E   0xD322             BCC.N    ??DIPswitch_ctrl_6
   \   00000020   0x2808             CMP      R0,#+8
   \   00000022   0xD02C             BEQ.N    ??DIPswitch_ctrl_7
   \   00000024   0xD327             BCC.N    ??DIPswitch_ctrl_8
   \   00000026   0x280A             CMP      R0,#+10
   \   00000028   0xD031             BEQ.N    ??DIPswitch_ctrl_9
   \   0000002A   0xD32C             BCC.N    ??DIPswitch_ctrl_10
   \   0000002C   0x280C             CMP      R0,#+12
   \   0000002E   0xD036             BEQ.N    ??DIPswitch_ctrl_11
   \   00000030   0xD331             BCC.N    ??DIPswitch_ctrl_12
   \   00000032   0x280E             CMP      R0,#+14
   \   00000034   0xD03B             BEQ.N    ??DIPswitch_ctrl_13
   \   00000036   0xD336             BCC.N    ??DIPswitch_ctrl_14
   \   00000038   0x280F             CMP      R0,#+15
   \   0000003A   0xD03C             BEQ.N    ??DIPswitch_ctrl_15
   \   0000003C   0xE03F             B.N      ??DIPswitch_ctrl_16
     86             {
     87             case 0x00:
     88               uart0Printf("yout choice is : 0\n");
   \                     ??DIPswitch_ctrl_0:
   \   0000003E   0x....             LDR.N    R0,??DataTable2_1
   \   00000040   0x.... 0x....      BL       uart0Printf
     89               break;
   \   00000044   0xE03E             B.N      ??DIPswitch_ctrl_17
     90             case 0x01:
     91               uart0Printf("yout choice is : 1\n");
   \                     ??DIPswitch_ctrl_2:
   \   00000046   0x....             LDR.N    R0,??DataTable2_2
   \   00000048   0x.... 0x....      BL       uart0Printf
     92               break;
   \   0000004C   0xE03A             B.N      ??DIPswitch_ctrl_17
     93             case 0x02:
     94               uart0Printf("yout choice is : 2\n");
   \                     ??DIPswitch_ctrl_1:
   \   0000004E   0x....             LDR.N    R0,??DataTable2_3
   \   00000050   0x.... 0x....      BL       uart0Printf
     95               break;
   \   00000054   0xE036             B.N      ??DIPswitch_ctrl_17
     96             case 0x03:
     97               uart0Printf("yout choice is : 3\n");
   \                     ??DIPswitch_ctrl_4:
   \   00000056   0x....             LDR.N    R0,??DataTable2_4
   \   00000058   0x.... 0x....      BL       uart0Printf
     98               break;
   \   0000005C   0xE032             B.N      ??DIPswitch_ctrl_17
     99               
    100             case 0x04:
    101               uart0Printf("yout choice is : 4\n");
   \                     ??DIPswitch_ctrl_3:
   \   0000005E   0x....             LDR.N    R0,??DataTable2_5
   \   00000060   0x.... 0x....      BL       uart0Printf
    102               break;
   \   00000064   0xE02E             B.N      ??DIPswitch_ctrl_17
    103             case 0x05:
    104               uart0Printf("yout choice is : 5\n");
   \                     ??DIPswitch_ctrl_6:
   \   00000066   0x....             LDR.N    R0,??DataTable2_6
   \   00000068   0x.... 0x....      BL       uart0Printf
    105               break;
   \   0000006C   0xE02A             B.N      ??DIPswitch_ctrl_17
    106             case 0x06:
    107               uart0Printf("yout choice is : 6\n");
   \                     ??DIPswitch_ctrl_5:
   \   0000006E   0x....             LDR.N    R0,??DataTable2_7
   \   00000070   0x.... 0x....      BL       uart0Printf
    108               break;
   \   00000074   0xE026             B.N      ??DIPswitch_ctrl_17
    109             case 0x07:
    110               uart0Printf("yout choice is : 7\n");
   \                     ??DIPswitch_ctrl_8:
   \   00000076   0x....             LDR.N    R0,??DataTable2_8
   \   00000078   0x.... 0x....      BL       uart0Printf
    111               break;
   \   0000007C   0xE022             B.N      ??DIPswitch_ctrl_17
    112               
    113             case 0x08:
    114               uart0Printf("yout choice is : 8\n");
   \                     ??DIPswitch_ctrl_7:
   \   0000007E   0x....             LDR.N    R0,??DataTable2_9
   \   00000080   0x.... 0x....      BL       uart0Printf
    115               break;
   \   00000084   0xE01E             B.N      ??DIPswitch_ctrl_17
    116             case 0x09:
    117               uart0Printf("yout choice is : 9\n");
   \                     ??DIPswitch_ctrl_10:
   \   00000086   0x....             LDR.N    R0,??DataTable2_10
   \   00000088   0x.... 0x....      BL       uart0Printf
    118               break;
   \   0000008C   0xE01A             B.N      ??DIPswitch_ctrl_17
    119             case 0x0A:
    120               uart0Printf("yout choice is : A\n");
   \                     ??DIPswitch_ctrl_9:
   \   0000008E   0x....             LDR.N    R0,??DataTable2_11
   \   00000090   0x.... 0x....      BL       uart0Printf
    121               break;
   \   00000094   0xE016             B.N      ??DIPswitch_ctrl_17
    122             case 0x0B:
    123               uart0Printf("yout choice is : B\n");
   \                     ??DIPswitch_ctrl_12:
   \   00000096   0x....             LDR.N    R0,??DataTable2_12
   \   00000098   0x.... 0x....      BL       uart0Printf
    124               break;
   \   0000009C   0xE012             B.N      ??DIPswitch_ctrl_17
    125               
    126             case 0x0C:
    127               uart0Printf("yout choice is : C\n");
   \                     ??DIPswitch_ctrl_11:
   \   0000009E   0x....             LDR.N    R0,??DataTable2_13
   \   000000A0   0x.... 0x....      BL       uart0Printf
    128               break;
   \   000000A4   0xE00E             B.N      ??DIPswitch_ctrl_17
    129             case 0x0D:
    130               uart0Printf("yout choice is : D\n");
   \                     ??DIPswitch_ctrl_14:
   \   000000A6   0x....             LDR.N    R0,??DataTable2_14
   \   000000A8   0x.... 0x....      BL       uart0Printf
    131               break;
   \   000000AC   0xE00A             B.N      ??DIPswitch_ctrl_17
    132             case 0x0E:
    133               uart0Printf("yout choice is : E\n");
   \                     ??DIPswitch_ctrl_13:
   \   000000AE   0x....             LDR.N    R0,??DataTable2_15
   \   000000B0   0x.... 0x....      BL       uart0Printf
    134               break;
   \   000000B4   0xE006             B.N      ??DIPswitch_ctrl_17
    135             case 0x0F:
    136               uart0Printf("yout choice is : F\n");
   \                     ??DIPswitch_ctrl_15:
   \   000000B6   0x....             LDR.N    R0,??DataTable2_16
   \   000000B8   0x.... 0x....      BL       uart0Printf
    137               break;
   \   000000BC   0xE002             B.N      ??DIPswitch_ctrl_17
    138             default:
    139               uart0Printf("yout choice is : Other\n");
   \                     ??DIPswitch_ctrl_16:
   \   000000BE   0x....             LDR.N    R0,??DataTable2_17
   \   000000C0   0x.... 0x....      BL       uart0Printf
    140               break;
    141             }
    142             
    143             uartPrintf("如果拨码开关和你希望的值是反相，尝试把宏定义 DIPVAL 取反\n");
   \                     ??DIPswitch_ctrl_17:
   \   000000C4   0x....             LDR.N    R0,??DataTable2_18
   \   000000C6   0x.... 0x....      BL       uartPrintf
    144             return DIPswitch_val();
   \   000000CA   0x.... 0x....      BL       DIPswitch_val
   \   000000CE   0xBD02             POP      {R1,PC}          ;; return
    145          }

   \                                 In section .text, align 4, keep-with-next
   \                     ??DataTable2:
   \   00000000   0x........         DC32     GPIOx

   \                                 In section .text, align 4, keep-with-next
   \                     ??DataTable2_1:
   \   00000000   0x........         DC32     `?<Constant "yout choice is : 0\\n">`

   \                                 In section .text, align 4, keep-with-next
   \                     ??DataTable2_2:
   \   00000000   0x........         DC32     `?<Constant "yout choice is : 1\\n">`

   \                                 In section .text, align 4, keep-with-next
   \                     ??DataTable2_3:
   \   00000000   0x........         DC32     `?<Constant "yout choice is : 2\\n">`

   \                                 In section .text, align 4, keep-with-next
   \                     ??DataTable2_4:
   \   00000000   0x........         DC32     `?<Constant "yout choice is : 3\\n">`

   \                                 In section .text, align 4, keep-with-next
   \                     ??DataTable2_5:
   \   00000000   0x........         DC32     `?<Constant "yout choice is : 4\\n">`

   \                                 In section .text, align 4, keep-with-next
   \                     ??DataTable2_6:
   \   00000000   0x........         DC32     `?<Constant "yout choice is : 5\\n">`

   \                                 In section .text, align 4, keep-with-next
   \                     ??DataTable2_7:
   \   00000000   0x........         DC32     `?<Constant "yout choice is : 6\\n">`

   \                                 In section .text, align 4, keep-with-next
   \                     ??DataTable2_8:
   \   00000000   0x........         DC32     `?<Constant "yout choice is : 7\\n">`

   \                                 In section .text, align 4, keep-with-next
   \                     ??DataTable2_9:
   \   00000000   0x........         DC32     `?<Constant "yout choice is : 8\\n">`

   \                                 In section .text, align 4, keep-with-next
   \                     ??DataTable2_10:
   \   00000000   0x........         DC32     `?<Constant "yout choice is : 9\\n">`

   \                                 In section .text, align 4, keep-with-next
   \                     ??DataTable2_11:
   \   00000000   0x........         DC32     `?<Constant "yout choice is : A\\n">`

   \                                 In section .text, align 4, keep-with-next
   \                     ??DataTable2_12:
   \   00000000   0x........         DC32     `?<Constant "yout choice is : B\\n">`

   \                                 In section .text, align 4, keep-with-next
   \                     ??DataTable2_13:
   \   00000000   0x........         DC32     `?<Constant "yout choice is : C\\n">`

   \                                 In section .text, align 4, keep-with-next
   \                     ??DataTable2_14:
   \   00000000   0x........         DC32     `?<Constant "yout choice is : D\\n">`

   \                                 In section .text, align 4, keep-with-next
   \                     ??DataTable2_15:
   \   00000000   0x........         DC32     `?<Constant "yout choice is : E\\n">`

   \                                 In section .text, align 4, keep-with-next
   \                     ??DataTable2_16:
   \   00000000   0x........         DC32     `?<Constant "yout choice is : F\\n">`

   \                                 In section .text, align 4, keep-with-next
   \                     ??DataTable2_17:
   \   00000000   0x........         DC32     `?<Constant "yout choice is : Other\\n">`

   \                                 In section .text, align 4, keep-with-next
   \                     ??DataTable2_18:
   \   00000000   0x........         DC32     `?<Constant "\\310\\347\\271\\373\\262\\246\\302\\353\\2`

   \                                 In section .rodata, align 4
   \                     `?<Constant "yout choice is : 0\\n">`:
   \   00000000   0x79 0x6F          DC8 "yout choice is : 0\012"
   \              0x75 0x74    
   \              0x20 0x63    
   \              0x68 0x6F    
   \              0x69 0x63    
   \              0x65 0x20    
   \              0x69 0x73    
   \              0x20 0x3A    
   \              0x20 0x30    
   \              0x0A 0x00    

   \                                 In section .rodata, align 4
   \                     `?<Constant "yout choice is : 1\\n">`:
   \   00000000   0x79 0x6F          DC8 "yout choice is : 1\012"
   \              0x75 0x74    
   \              0x20 0x63    
   \              0x68 0x6F    
   \              0x69 0x63    
   \              0x65 0x20    
   \              0x69 0x73    
   \              0x20 0x3A    
   \              0x20 0x31    
   \              0x0A 0x00    

   \                                 In section .rodata, align 4
   \                     `?<Constant "yout choice is : 2\\n">`:
   \   00000000   0x79 0x6F          DC8 "yout choice is : 2\012"
   \              0x75 0x74    
   \              0x20 0x63    
   \              0x68 0x6F    
   \              0x69 0x63    
   \              0x65 0x20    
   \              0x69 0x73    
   \              0x20 0x3A    
   \              0x20 0x32    
   \              0x0A 0x00    

   \                                 In section .rodata, align 4
   \                     `?<Constant "yout choice is : 3\\n">`:
   \   00000000   0x79 0x6F          DC8 "yout choice is : 3\012"
   \              0x75 0x74    
   \              0x20 0x63    
   \              0x68 0x6F    
   \              0x69 0x63    
   \              0x65 0x20    
   \              0x69 0x73    
   \              0x20 0x3A    
   \              0x20 0x33    
   \              0x0A 0x00    

   \                                 In section .rodata, align 4
   \                     `?<Constant "yout choice is : 4\\n">`:
   \   00000000   0x79 0x6F          DC8 "yout choice is : 4\012"
   \              0x75 0x74    
   \              0x20 0x63    
   \              0x68 0x6F    
   \              0x69 0x63    
   \              0x65 0x20    
   \              0x69 0x73    
   \              0x20 0x3A    
   \              0x20 0x34    
   \              0x0A 0x00    

   \                                 In section .rodata, align 4
   \                     `?<Constant "yout choice is : 5\\n">`:
   \   00000000   0x79 0x6F          DC8 "yout choice is : 5\012"
   \              0x75 0x74    
   \              0x20 0x63    
   \              0x68 0x6F    
   \              0x69 0x63    
   \              0x65 0x20    
   \              0x69 0x73    
   \              0x20 0x3A    
   \              0x20 0x35    
   \              0x0A 0x00    

   \                                 In section .rodata, align 4
   \                     `?<Constant "yout choice is : 6\\n">`:
   \   00000000   0x79 0x6F          DC8 "yout choice is : 6\012"
   \              0x75 0x74    
   \              0x20 0x63    
   \              0x68 0x6F    
   \              0x69 0x63    
   \              0x65 0x20    
   \              0x69 0x73    
   \              0x20 0x3A    
   \              0x20 0x36    
   \              0x0A 0x00    

   \                                 In section .rodata, align 4
   \                     `?<Constant "yout choice is : 7\\n">`:
   \   00000000   0x79 0x6F          DC8 "yout choice is : 7\012"
   \              0x75 0x74    
   \              0x20 0x63    
   \              0x68 0x6F    
   \              0x69 0x63    
   \              0x65 0x20    
   \              0x69 0x73    
   \              0x20 0x3A    
   \              0x20 0x37    
   \              0x0A 0x00    

   \                                 In section .rodata, align 4
   \                     `?<Constant "yout choice is : 8\\n">`:
   \   00000000   0x79 0x6F          DC8 "yout choice is : 8\012"
   \              0x75 0x74    
   \              0x20 0x63    
   \              0x68 0x6F    
   \              0x69 0x63    
   \              0x65 0x20    
   \              0x69 0x73    
   \              0x20 0x3A    
   \              0x20 0x38    
   \              0x0A 0x00    

   \                                 In section .rodata, align 4
   \                     `?<Constant "yout choice is : 9\\n">`:
   \   00000000   0x79 0x6F          DC8 "yout choice is : 9\012"
   \              0x75 0x74    
   \              0x20 0x63    
   \              0x68 0x6F    
   \              0x69 0x63    
   \              0x65 0x20    
   \              0x69 0x73    
   \              0x20 0x3A    
   \              0x20 0x39    
   \              0x0A 0x00    

   \                                 In section .rodata, align 4
   \                     `?<Constant "yout choice is : A\\n">`:
   \   00000000   0x79 0x6F          DC8 "yout choice is : A\012"
   \              0x75 0x74    
   \              0x20 0x63    
   \              0x68 0x6F    
   \              0x69 0x63    
   \              0x65 0x20    
   \              0x69 0x73    
   \              0x20 0x3A    
   \              0x20 0x41    
   \              0x0A 0x00    

   \                                 In section .rodata, align 4
   \                     `?<Constant "yout choice is : B\\n">`:
   \   00000000   0x79 0x6F          DC8 "yout choice is : B\012"
   \              0x75 0x74    
   \              0x20 0x63    
   \              0x68 0x6F    
   \              0x69 0x63    
   \              0x65 0x20    
   \              0x69 0x73    
   \              0x20 0x3A    
   \              0x20 0x42    
   \              0x0A 0x00    

   \                                 In section .rodata, align 4
   \                     `?<Constant "yout choice is : C\\n">`:
   \   00000000   0x79 0x6F          DC8 "yout choice is : C\012"
   \              0x75 0x74    
   \              0x20 0x63    
   \              0x68 0x6F    
   \              0x69 0x63    
   \              0x65 0x20    
   \              0x69 0x73    
   \              0x20 0x3A    
   \              0x20 0x43    
   \              0x0A 0x00    

   \                                 In section .rodata, align 4
   \                     `?<Constant "yout choice is : D\\n">`:
   \   00000000   0x79 0x6F          DC8 "yout choice is : D\012"
   \              0x75 0x74    
   \              0x20 0x63    
   \              0x68 0x6F    
   \              0x69 0x63    
   \              0x65 0x20    
   \              0x69 0x73    
   \              0x20 0x3A    
   \              0x20 0x44    
   \              0x0A 0x00    

   \                                 In section .rodata, align 4
   \                     `?<Constant "yout choice is : E\\n">`:
   \   00000000   0x79 0x6F          DC8 "yout choice is : E\012"
   \              0x75 0x74    
   \              0x20 0x63    
   \              0x68 0x6F    
   \              0x69 0x63    
   \              0x65 0x20    
   \              0x69 0x73    
   \              0x20 0x3A    
   \              0x20 0x45    
   \              0x0A 0x00    

   \                                 In section .rodata, align 4
   \                     `?<Constant "yout choice is : F\\n">`:
   \   00000000   0x79 0x6F          DC8 "yout choice is : F\012"
   \              0x75 0x74    
   \              0x20 0x63    
   \              0x68 0x6F    
   \              0x69 0x63    
   \              0x65 0x20    
   \              0x69 0x73    
   \              0x20 0x3A    
   \              0x20 0x46    
   \              0x0A 0x00    

   \                                 In section .rodata, align 4
   \                     `?<Constant "yout choice is : Other\\n">`:
   \   00000000   0x79 0x6F          DC8 "yout choice is : Other\012"
   \              0x75 0x74    
   \              0x20 0x63    
   \              0x68 0x6F    
   \              0x69 0x63    
   \              0x65 0x20    
   \              0x69 0x73    
   \              0x20 0x3A    
   \              0x20 0x4F    
   \              0x74 0x68    
   \              0x65 0x72    
   \              0x0A 0x00    

   \                                 In section .rodata, align 4
   \                     `?<Constant "\\310\\347\\271\\373\\262\\246\\302\\353\\2`:
   \   00000000   0xC8 0xE7          DC8 0C8H, 0E7H, 0B9H, 0FBH, 0B2H, 0A6H, 0C2H, 0EBH
   \              0xB9 0xFB    
   \              0xB2 0xA6    
   \              0xC2 0xEB    
   \   00000008   0xBF 0xAA          DC8 0BFH, 0AAH, 0B9H, 0D8H, 0BAH, 0CDH, 0C4H, 0E3H
   \              0xB9 0xD8    
   \              0xBA 0xCD    
   \              0xC4 0xE3    
   \   00000010   0xCF 0xA3          DC8 0CFH, 0A3H, 0CDH, 0FBH, 0B5H, 0C4H, 0D6H, 0B5H
   \              0xCD 0xFB    
   \              0xB5 0xC4    
   \              0xD6 0xB5    
   \   00000018   0xCA 0xC7          DC8 0CAH, 0C7H, 0B7H, 0B4H, 0CFH, 0E0H, 0A3H, 0ACH
   \              0xB7 0xB4    
   \              0xCF 0xE0    
   \              0xA3 0xAC    
   \   00000020   0xB3 0xA2          DC8 0B3H, 0A2H, 0CAH, 0D4H, 0B0H, 0D1H, 0BAH, 0EAH
   \              0xCA 0xD4    
   \              0xB0 0xD1    
   \              0xBA 0xEA    
   \   00000028   0xB6 0xA8          DC8 0B6H, 0A8H, 0D2H, 0E5H, 20H, 44H, 49H, 50H
   \              0xD2 0xE5    
   \              0x20 0x44    
   \              0x49 0x50    
   \   00000030   0x56 0x41          DC8 56H, 41H, 4CH, 20H, 0C8H, 0A1H, 0B7H, 0B4H
   \              0x4C 0x20    
   \              0xC8 0xA1    
   \              0xB7 0xB4    
   \   00000038   0x0A 0x00          DC8 0AH, 0
   \   0000003A   0x00 0x00          DC8 0, 0

   Maximum stack usage in bytes:

   .cstack Function
   ------- --------
        8  DIPswitch_ctrl
             8 -> DIPswitch_init
             8 -> DIPswitch_val
             8 -> uart0Printf
             8 -> uartPrintf
        8  DIPswitch_init
             8 -> gpio_init
        0  DIPswitch_val
        0  DIPswitch_valbit


   Section sizes:

   Bytes  Function/Label
   -----  --------------
      60  ?<Constant "\310\347\271\373\262\246\302\353\2
      20  ?<Constant "yout choice is : 0\n">
      20  ?<Constant "yout choice is : 1\n">
      20  ?<Constant "yout choice is : 2\n">
      20  ?<Constant "yout choice is : 3\n">
      20  ?<Constant "yout choice is : 4\n">
      20  ?<Constant "yout choice is : 5\n">
      20  ?<Constant "yout choice is : 6\n">
      20  ?<Constant "yout choice is : 7\n">
      20  ?<Constant "yout choice is : 8\n">
      20  ?<Constant "yout choice is : 9\n">
      20  ?<Constant "yout choice is : A\n">
      20  ?<Constant "yout choice is : B\n">
      20  ?<Constant "yout choice is : C\n">
      20  ?<Constant "yout choice is : D\n">
      20  ?<Constant "yout choice is : E\n">
      20  ?<Constant "yout choice is : F\n">
      24  ?<Constant "yout choice is : Other\n">
       4  ??DataTable2
       4  ??DataTable2_1
       4  ??DataTable2_10
       4  ??DataTable2_11
       4  ??DataTable2_12
       4  ??DataTable2_13
       4  ??DataTable2_14
       4  ??DataTable2_15
       4  ??DataTable2_16
       4  ??DataTable2_17
       4  ??DataTable2_18
       4  ??DataTable2_2
       4  ??DataTable2_3
       4  ??DataTable2_4
       4  ??DataTable2_5
       4  ??DataTable2_6
       4  ??DataTable2_7
       4  ??DataTable2_8
       4  ??DataTable2_9
     208  DIPswitch_ctrl
      52  DIPswitch_init
      62  DIPswitch_val
      16  DIPswitch_valbit

 
 404 bytes in section .rodata
 414 bytes in section .text
 
 414 bytes of CODE  memory
 404 bytes of CONST memory

Errors: none
Warnings: none
