###############################################################################
#                                                                             #
# IAR ANSI C/C++ Compiler V6.30.1.53127/W32 for ARM     05/Apr/2012  05:05:24 #
# Copyright 1999-2011 IAR Systems AB.                                         #
#                                                                             #
#    Cpu mode     =  thumb                                                    #
#    Endian       =  little                                                   #
#    Source file  =  D:\workspace\myworkspace\SW_K60\src\projects\SX_demo\glo #
#                    bal.c                                                    #
#    Command line =  D:\workspace\myworkspace\SW_K60\src\projects\SX_demo\glo #
#                    bal.c -lCN D:\workspace\myworkspace\SW_K60\build\SX_demo #
#                    \RAM\List\ -lB D:\workspace\myworkspace\SW_K60\build\SX_ #
#                    demo\RAM\List\ -o D:\workspace\myworkspace\SW_K60\build\ #
#                    SX_demo\RAM\Obj\ --no_cse --no_unroll --no_inline        #
#                    --no_code_motion --no_tbaa --no_clustering               #
#                    --no_scheduling --debug --endian=little --cpu=Cortex-M4  #
#                    -e --fpu=None --dlib_config "C:\Program Files\IAR        #
#                    Systems\Embedded Workbench 6.0_3\arm\INC\c\DLib_Config_N #
#                    ormal.h" -I D:\workspace\myworkspace\SW_K60\build\SX_dem #
#                    o\..\ -I D:\workspace\myworkspace\SW_K60\build\SX_demo\. #
#                    .\..\src\common\ -I D:\workspace\myworkspace\SW_K60\buil #
#                    d\SX_demo\..\..\src\cpu\ -I                              #
#                    D:\workspace\myworkspace\SW_K60\build\SX_demo\..\..\src\ #
#                    drivers\ -I D:\workspace\myworkspace\SW_K60\build\SX_dem #
#                    o\..\..\src\drivers\gpio\ -I                             #
#                    D:\workspace\myworkspace\SW_K60\build\SX_demo\..\..\src\ #
#                    drivers\wdog\ -I D:\workspace\myworkspace\SW_K60\build\S #
#                    X_demo\..\..\src\drivers\mcg\ -I                         #
#                    D:\workspace\myworkspace\SW_K60\build\SX_demo\..\..\src\ #
#                    drivers\uart\ -I D:\workspace\myworkspace\SW_K60\build\S #
#                    X_demo\..\..\src\drivers\lptmr\ -I                       #
#                    D:\workspace\myworkspace\SW_K60\build\SX_demo\..\..\src\ #
#                    drivers\LED\ -I D:\workspace\myworkspace\SW_K60\build\SX #
#                    _demo\..\..\src\drivers\fun\ -I                          #
#                    D:\workspace\myworkspace\SW_K60\build\SX_demo\..\..\src\ #
#                    drivers\FTM\ -I D:\workspace\myworkspace\SW_K60\build\SX #
#                    _demo\..\..\src\drivers\pit\ -I                          #
#                    D:\workspace\myworkspace\SW_K60\build\SX_demo\..\..\src\ #
#                    drivers\DIPswitch\ -I D:\workspace\myworkspace\SW_K60\bu #
#                    ild\SX_demo\..\..\src\drivers\steer\ -I                  #
#                    D:\workspace\myworkspace\SW_K60\build\SX_demo\..\..\src\ #
#                    drivers\ccd\ -I D:\workspace\myworkspace\SW_K60\build\SX #
#                    _demo\..\..\src\drivers\dma\ -I                          #
#                    D:\workspace\myworkspace\SW_K60\build\SX_demo\..\..\src\ #
#                    drivers\motor\ -I D:\workspace\myworkspace\SW_K60\build\ #
#                    SX_demo\..\..\src\platforms\ -I                          #
#                    D:\workspace\myworkspace\SW_K60\build\SX_demo\..\..\src\ #
#                    projects\ -I D:\workspace\myworkspace\SW_K60\build\SX_de #
#                    mo\..\..\src\projects\SX_demo\ -Ol                       #
#    List file    =  D:\workspace\myworkspace\SW_K60\build\SX_demo\RAM\List\g #
#                    lobal.lst                                                #
#    Object file  =  D:\workspace\myworkspace\SW_K60\build\SX_demo\RAM\Obj\gl #
#                    obal.o                                                   #
#                                                                             #
#                                                                             #
###############################################################################

D:\workspace\myworkspace\SW_K60\src\projects\SX_demo\global.c
      1          /*
      2          ************************************************************************
      3          *                北京邮电大学 K60 学习例程                                        
      4          * 文件名 :[global.c] 
      5          * 描  述 ：全局变量
      6          *设计改进：snowwolf
      7          *  Email ：snowwolf2012@qq.com
      8          * 说  明 ：这里定义我们用到的全局变量
      9          ***********************************************************************
     10          */
     11          #include "global.h"
     12          
     13          //实际速度

   \                                 In section .bss, align 4
     14          u32 trueSpeed = {0};
   \                     trueSpeed:
   \   00000000                      DS8 4
     15          //输出选项

   \                                 In section .bss, align 1
     16          u8 showChoice = 0;
   \                     showChoice:
   \   00000000                      DS8 1
     17          //图像数据

   \                                 In section .bss, align 4
     18          unsigned char Pic_Buffer[ROW][COLUMN] = {0};
   \                     Pic_Buffer:
   \   00000000                      DS8 19200
     19          //采集完成标志位

   \                                 In section .bss, align 4
     20          volatile unsigned int photeCompleteFlag = 0;
   \                     photeCompleteFlag:
   \   00000000                      DS8 4
     21          //选取的行号

   \                                 In section .bss, align 4
     22          u8 selectLine[120];
   \                     selectLine:
   \   00000000                      DS8 120
     23          //二值化域值

   \                                 In section .data, align 4
     24          unsigned int PhotoBlackMax = 125;
   \                     PhotoBlackMax:
   \   00000000   0x0000007D         DC32 125
     25          //中心线
     26          

   \                                 In section .bss, align 4
     27          signed int  Line_Center[ROW]={0};  
   \                     Line_Center:
   \   00000000                      DS8 480

   \                                 In section .bss, align 4
     28          signed int  Line_Center_L[ROW]={0};  
   \                     Line_Center_L:
   \   00000000                      DS8 480

   \                                 In section .bss, align 4
     29          signed int  Line_Center_R[ROW]={0};  
   \                     Line_Center_R:
   \   00000000                      DS8 480


   Section sizes:

   Bytes  Function/Label
   -----  --------------
     480  Line_Center
     480  Line_Center_L
     480  Line_Center_R
       4  PhotoBlackMax
   19200  Pic_Buffer
       4  photeCompleteFlag
     120  selectLine
       1  showChoice
       4  trueSpeed

 
 20 769 bytes in section .bss
      4 bytes in section .data
 
 20 773 bytes of DATA memory

Errors: none
Warnings: none
